[INFO ] 2024-04-24 12:46:53.450 [main] Utils - [TestNG] Running:
  C:\Users\subas\EclipseLMSPractice\TDDLMSApplicationTest.com\testngCb.xml

[INFO ] 2024-04-24 12:49:15.458 [main] Utils - [TestNG] Running:
  C:\Users\subas\EclipseLMSPractice\TDDLMSApplicationTest.com\testngCb.xml

[INFO ] 2024-04-24 12:51:18.429 [main] Utils - [TestNG] Running:
  C:\Users\subas\EclipseLMSPractice\TDDLMSApplicationTest.com\testngCb.xml

[INFO ] 2024-04-24 12:53:23.278 [main] Utils - [TestNG] Running:
  C:\Users\subas\EclipseLMSPractice\TDDLMSApplicationTest.com\testngCb.xml

[INFO ] 2024-04-24 12:54:14.749 [main] Utils - [TestNG] Running:
  C:\Users\subas\EclipseLMSPractice\TDDLMSApplicationTest.com\testngCb.xml

[INFO ] 2024-04-24 12:54:16.275 [TestNG-tests-1] WebDriverManager - Using chromedriver 124.0.6367.78 (resolved driver for Chrome 124)
[INFO ] 2024-04-24 12:54:16.275 [TestNG-tests-2] WebDriverManager - Using msedgedriver 124.0.2478.51 (resolved driver for Edge 124)
[INFO ] 2024-04-24 12:54:16.374 [TestNG-tests-1] WebDriverManager - Exporting webdriver.chrome.driver as C:\Users\subas\.cache\selenium\chromedriver\win64\124.0.6367.78\chromedriver.exe
[INFO ] 2024-04-24 12:54:16.375 [TestNG-tests-2] WebDriverManager - Exporting webdriver.edge.driver as C:\Users\subas\.cache\selenium\msedgedriver\win64\124.0.2478.51\msedgedriver.exe
[INFO ] 2024-04-24 12:54:20.996 [TestNG-tests-1] LoginPage_SD - Login Page: Admin is on the login page
[INFO ] 2024-04-24 12:54:21.562 [TestNG-tests-1] LoginPage_SD - Admin is in the Dashboard page
[INFO ] 2024-04-24 12:54:22.693 [TestNG-tests-2] LoginPage_SD - Login Page: Admin is on the login page
[INFO ] 2024-04-24 12:54:23.148 [TestNG-tests-2] LoginPage_SD - Admin is in the Dashboard page
[INFO ] 2024-04-24 12:55:33.079 [main] Utils - [TestNG] Running:
  C:\Users\subas\EclipseLMSPractice\TDDLMSApplicationTest.com\testngCb.xml

[INFO ] 2024-04-24 12:55:34.048 [TestNG-tests-2] WebDriverManager - Using msedgedriver 124.0.2478.51 (resolved driver for Edge 124)
[INFO ] 2024-04-24 12:55:34.130 [TestNG-tests-2] WebDriverManager - Exporting webdriver.edge.driver as C:\Users\subas\.cache\selenium\msedgedriver\win64\124.0.2478.51\msedgedriver.exe
[INFO ] 2024-04-24 12:55:34.462 [TestNG-tests-1] WebDriverManager - Using chromedriver 124.0.6367.78 (resolved driver for Chrome 124)
[INFO ] 2024-04-24 12:55:34.512 [TestNG-tests-1] WebDriverManager - Exporting webdriver.chrome.driver as C:\Users\subas\.cache\selenium\chromedriver\win64\124.0.6367.78\chromedriver.exe
[INFO ] 2024-04-24 12:55:38.596 [TestNG-tests-1] LoginPage_SD - Login Page: Admin is on the login page
[INFO ] 2024-04-24 12:55:39.028 [TestNG-tests-1] LoginPage_SD - Admin is in the Dashboard page
[INFO ] 2024-04-24 12:55:40.116 [TestNG-tests-2] LoginPage_SD - Login Page: Admin is on the login page
[INFO ] 2024-04-24 12:55:40.630 [TestNG-tests-2] LoginPage_SD - Admin is in the Dashboard page
[INFO ] 2024-04-24 14:04:21.186 [main] Utils - [TestNG] Running:
  C:\Users\subas\EclipseLMSPractice\TDDLMSApplicationTest.com\testngCb.xml

[INFO ] 2024-04-24 14:04:25.567 [TestNG-tests-2] WebDriverManager - Using msedgedriver 124.0.2478.51 (resolved driver for Edge 124)
[INFO ] 2024-04-24 14:04:25.574 [TestNG-tests-1] WebDriverManager - Using chromedriver 124.0.6367.78 (resolved driver for Chrome 124)
[INFO ] 2024-04-24 14:04:25.980 [TestNG-tests-2] WebDriverManager - Exporting webdriver.edge.driver as C:\Users\subas\.cache\selenium\msedgedriver\win64\124.0.2478.51\msedgedriver.exe
[INFO ] 2024-04-24 14:04:25.980 [TestNG-tests-1] WebDriverManager - Exporting webdriver.chrome.driver as C:\Users\subas\.cache\selenium\chromedriver\win64\124.0.6367.78\chromedriver.exe
[INFO ] 2024-04-24 14:04:36.561 [TestNG-tests-1] LoginPage_SD - Login Page: Admin is on the login page
[INFO ] 2024-04-24 14:04:37.361 [TestNG-tests-2] LoginPage_SD - Login Page: Admin is on the login page
[INFO ] 2024-04-24 14:04:38.131 [TestNG-tests-1] LoginPage_SD - Admin is in the Dashboard page
[INFO ] 2024-04-24 14:04:38.832 [TestNG-tests-2] LoginPage_SD - Admin is in the Dashboard page
[INFO ] 2024-04-24 14:54:35.826 [main] Utils - [TestNG] Running:
  C:\Users\subas\EclipseLMSPractice\TDDLMSApplicationTest.com\testngCb.xml

[INFO ] 2024-04-24 14:54:38.370 [TestNG-tests-1] WebDriverManager - Using chromedriver 124.0.6367.78 (resolved driver for Chrome 124)
[INFO ] 2024-04-24 14:54:38.641 [TestNG-tests-1] WebDriverManager - Exporting webdriver.chrome.driver as C:\Users\subas\.cache\selenium\chromedriver\win64\124.0.6367.78\chromedriver.exe
[INFO ] 2024-04-24 14:54:39.467 [TestNG-tests-2] WebDriverManager - Using msedgedriver 124.0.2478.51 (resolved driver for Edge 124)
[INFO ] 2024-04-24 14:54:39.622 [TestNG-tests-2] WebDriverManager - Exporting webdriver.edge.driver as C:\Users\subas\.cache\selenium\msedgedriver\win64\124.0.2478.51\msedgedriver.exe
[INFO ] 2024-04-24 14:54:46.557 [TestNG-tests-1] LoginPage_SD - Login Page: Admin is on the login page
[INFO ] 2024-04-24 14:54:47.535 [TestNG-tests-1] LoginPage_SD - Admin is in the Dashboard page
[INFO ] 2024-04-24 14:54:48.142 [TestNG-tests-2] LoginPage_SD - Login Page: Admin is on the login page
[INFO ] 2024-04-24 14:54:49.400 [TestNG-tests-2] LoginPage_SD - Admin is in the Dashboard page
[INFO ] 2024-04-24 14:56:52.398 [main] Utils - [TestNG] Running:
  C:\Users\subas\EclipseLMSPractice\TDDLMSApplicationTest.com\testngCb.xml

[INFO ] 2024-04-24 14:56:54.644 [TestNG-tests-1] WebDriverManager - Using chromedriver 124.0.6367.78 (resolved driver for Chrome 124)
[INFO ] 2024-04-24 14:56:54.644 [TestNG-tests-2] WebDriverManager - Using msedgedriver 124.0.2478.51 (resolved driver for Edge 124)
[INFO ] 2024-04-24 14:56:54.866 [TestNG-tests-2] WebDriverManager - Exporting webdriver.edge.driver as C:\Users\subas\.cache\selenium\msedgedriver\win64\124.0.2478.51\msedgedriver.exe
[INFO ] 2024-04-24 14:56:54.867 [TestNG-tests-1] WebDriverManager - Exporting webdriver.chrome.driver as C:\Users\subas\.cache\selenium\chromedriver\win64\124.0.6367.78\chromedriver.exe
[INFO ] 2024-04-24 14:57:04.001 [TestNG-tests-1] LoginPage_SD - Login Page: Admin is on the login page
[INFO ] 2024-04-24 14:57:05.028 [TestNG-tests-1] LoginPage_SD - Admin is in the Dashboard page
[INFO ] 2024-04-24 14:57:05.530 [TestNG-tests-2] LoginPage_SD - Login Page: Admin is on the login page
[INFO ] 2024-04-24 14:57:06.630 [TestNG-tests-2] LoginPage_SD - Admin is in the Dashboard page
[INFO ] 2024-04-24 14:59:40.824 [main] Utils - [TestNG] Running:
  C:\Users\subas\EclipseLMSPractice\TDDLMSApplicationTest.com\testngCb.xml

[INFO ] 2024-04-24 14:59:43.418 [TestNG-tests-1] WebDriverManager - Using chromedriver 124.0.6367.78 (resolved driver for Chrome 124)
[INFO ] 2024-04-24 14:59:43.418 [TestNG-tests-2] WebDriverManager - Using msedgedriver 124.0.2478.51 (resolved driver for Edge 124)
[INFO ] 2024-04-24 14:59:43.624 [TestNG-tests-1] WebDriverManager - Exporting webdriver.chrome.driver as C:\Users\subas\.cache\selenium\chromedriver\win64\124.0.6367.78\chromedriver.exe
[INFO ] 2024-04-24 14:59:43.644 [TestNG-tests-2] WebDriverManager - Exporting webdriver.edge.driver as C:\Users\subas\.cache\selenium\msedgedriver\win64\124.0.2478.51\msedgedriver.exe
[INFO ] 2024-04-24 14:59:51.543 [TestNG-tests-1] LoginPage_SD - Login Page: Admin is on the login page
[INFO ] 2024-04-24 14:59:52.422 [TestNG-tests-1] LoginPage_SD - Admin is in the Dashboard page
[INFO ] 2024-04-24 14:59:53.027 [TestNG-tests-2] LoginPage_SD - Login Page: Admin is on the login page
[INFO ] 2024-04-24 14:59:54.154 [TestNG-tests-2] LoginPage_SD - Admin is in the Dashboard page
[INFO ] 2024-04-24 15:30:10.341 [main] Utils - [Utils] MethodGroupsHelper.collectMethodsByGroup() took 0 ms.
[INFO ] 2024-04-24 15:30:10.350 [main] Utils - [Utils] MethodGroupsHelper.sortMethods() took 2 ms.
[INFO ] 2024-04-24 15:30:10.353 [main] Utils - [Utils] MethodGroupsHelper.collectMethodsByGroup() took 0 ms.
[INFO ] 2024-04-24 15:30:10.354 [main] Utils - [Utils] MethodGroupsHelper.sortMethods() took 0 ms.
[INFO ] 2024-04-24 15:30:10.356 [main] Utils - [Utils] MethodGroupsHelper.collectMethodsByGroup() took 0 ms.
[INFO ] 2024-04-24 15:30:10.357 [main] Utils - [Utils] MethodGroupsHelper.sortMethods() took 0 ms.
[INFO ] 2024-04-24 15:30:10.361 [main] Utils - [Utils] MethodGroupsHelper.collectMethodsByGroup() took 0 ms.
[INFO ] 2024-04-24 15:30:10.363 [main] Utils - [Utils] MethodGroupsHelper.sortMethods() took 0 ms.
[INFO ] 2024-04-24 15:30:10.372 [main] Utils - [Utils] MethodGroupsHelper.collectMethodsByGroup() took 0 ms.
[INFO ] 2024-04-24 15:30:10.403 [main] Utils - [Utils] MethodGroupsHelper.sortMethods() took 25 ms.
[INFO ] 2024-04-24 15:30:10.407 [main] Utils - [Utils] MethodGroupsHelper.collectMethodsByGroup() took 0 ms.
[INFO ] 2024-04-24 15:30:10.407 [main] Utils - [Utils] MethodGroupsHelper.sortMethods() took 0 ms.
[INFO ] 2024-04-24 15:30:10.410 [main] Utils - [Utils] MethodGroupsHelper.collectMethodsByGroup() took 0 ms.
[INFO ] 2024-04-24 15:30:10.412 [main] Utils - [Utils] MethodGroupsHelper.sortMethods() took 0 ms.
[INFO ] 2024-04-24 15:30:10.414 [main] Utils - [Utils] MethodGroupsHelper.collectMethodsByGroup() took 0 ms.
[INFO ] 2024-04-24 15:30:10.415 [main] Utils - [Utils] MethodGroupsHelper.sortMethods() took 0 ms.
[INFO ] 2024-04-24 15:30:10.425 [main] Utils - [Utils] MethodGroupsHelper.collectMethodsByGroup() took 0 ms.
[INFO ] 2024-04-24 15:30:10.426 [main] Utils - [Utils] MethodGroupsHelper.sortMethods() took 0 ms.
[INFO ] 2024-04-24 15:30:10.428 [main] Utils - [Utils] MethodGroupsHelper.collectMethodsByGroup() took 0 ms.
[INFO ] 2024-04-24 15:30:10.429 [main] Utils - [Utils] MethodGroupsHelper.sortMethods() took 0 ms.
[INFO ] 2024-04-24 15:30:10.430 [main] Utils - [Utils] MethodGroupsHelper.collectMethodsByGroup() took 0 ms.
[INFO ] 2024-04-24 15:30:10.431 [main] Utils - [Utils] MethodGroupsHelper.sortMethods() took 0 ms.
[INFO ] 2024-04-24 15:30:10.431 [main] Utils - [Utils] MethodGroupsHelper.collectMethodsByGroup() took 0 ms.
[INFO ] 2024-04-24 15:30:10.431 [main] Utils - [Utils] MethodGroupsHelper.sortMethods() took 0 ms.
[INFO ] 2024-04-24 15:30:10.441 [main] Utils - [Utils] MethodGroupsHelper.collectMethodsByGroup() took 8 ms.
[INFO ] 2024-04-24 15:30:10.442 [main] Utils - [Utils] MethodGroupsHelper.sortMethods() took 0 ms.
[INFO ] 2024-04-24 15:30:10.446 [main] Utils - [Utils] MethodGroupsHelper.collectMethodsByGroup() took 0 ms.
[INFO ] 2024-04-24 15:30:10.446 [main] Utils - [Utils] MethodGroupsHelper.sortMethods() took 0 ms.
[INFO ] 2024-04-24 15:30:10.447 [main] Utils - [Utils] MethodGroupsHelper.collectMethodsByGroup() took 0 ms.
[INFO ] 2024-04-24 15:30:10.447 [main] Utils - [Utils] MethodGroupsHelper.sortMethods() took 0 ms.
[INFO ] 2024-04-24 15:30:10.462 [main] Utils - [TestNG] Running:
  C:\Users\subas\AppData\Local\Temp\testng-eclipse-431686135\testng-customsuite.xml

[INFO ] 2024-04-24 15:30:10.526 [main] Utils - [Utils] DynamicGraphHelper.createDynamicGraph() took 7 ms.
[INFO ] 2024-04-24 15:30:12.538 [main] WebDriverManager - Using chromedriver 124.0.6367.78 (resolved driver for Chrome 124)
[INFO ] 2024-04-24 15:30:12.625 [main] WebDriverManager - Exporting webdriver.chrome.driver as C:\Users\subas\.cache\selenium\chromedriver\win64\124.0.6367.78\chromedriver.exe
[INFO ] 2024-04-24 15:30:16.959 [main] LoginPage_SD - Login Page: Admin is on the login page
[INFO ] 2024-04-24 15:30:17.307 [main] LoginPage_SD - Admin is in the Dashboard page
[INFO ] 2024-04-24 15:30:19.698 [main] Utils - [TestNG] Time taken by org.testng.internal.ExitCodeListener@29b5533: 0 ms
[INFO ] 2024-04-24 15:30:19.774 [main] Utils - [TestNG] Time taken by org.testng.reporters.SuiteHTMLReporter@46ab4efc: 75 ms
[INFO ] 2024-04-24 15:30:19.875 [main] Utils - [TestNG] Time taken by org.testng.reporters.jq.Main@1930a804: 100 ms
[INFO ] 2024-04-24 15:30:19.894 [main] Utils - [TestNG] Time taken by org.testng.reporters.FailedReporter@701d2b59: 18 ms
[INFO ] 2024-04-24 15:30:19.907 [main] Utils - [TestNG] Time taken by org.testng.reporters.XMLReporter@69ba3f4e: 13 ms
[INFO ] 2024-04-24 15:30:19.922 [main] Utils - [TestNG] Time taken by org.testng.reporters.EmailableReporter2@368424db: 14 ms
[INFO ] 2024-04-24 15:30:19.939 [main] Utils - [TestNG] Time taken by org.testng.reporters.JUnitReportReporter@4243341e: 17 ms
[INFO ] 2024-04-24 18:36:33.613 [main] WebDriverManager - Using chromedriver 124.0.6367.78 (resolved driver for Chrome 124)
[INFO ] 2024-04-24 18:36:33.642 [main] WebDriverManager - Exporting webdriver.chrome.driver as /Users/vinu/.cache/selenium/chromedriver/mac64/124.0.6367.78/chromedriver
[INFO ] 2024-04-24 18:44:41.938 [main] WebDriverManager - Using chromedriver 124.0.6367.78 (resolved driver for Chrome 124)
[INFO ] 2024-04-24 18:44:41.966 [main] WebDriverManager - Exporting webdriver.chrome.driver as /Users/vinu/.cache/selenium/chromedriver/mac64/124.0.6367.78/chromedriver
[ERROR] 2024-04-24 18:45:02.545 [main] AllureLifecycle - Could not add attachment: no test is running
[INFO ] 2024-04-24 19:03:53.369 [main] WebDriverManager - Using chromedriver 124.0.6367.78 (resolved driver for Chrome 124)
[INFO ] 2024-04-24 19:03:53.432 [main] WebDriverManager - Exporting webdriver.chrome.driver as /Users/vinu/.cache/selenium/chromedriver/mac64/124.0.6367.78/chromedriver
[INFO ] 2024-04-24 19:04:37.577 [main] DashboardPage_SD - Login Page: Admin is on the login page
[ERROR] 2024-04-24 19:06:35.567 [main] AllureLifecycle - Could not add attachment: no test is running
[INFO ] 2024-04-24 19:07:17.869 [main] WebDriverManager - Using chromedriver 124.0.6367.78 (resolved driver for Chrome 124)
[INFO ] 2024-04-24 19:07:17.907 [main] WebDriverManager - Exporting webdriver.chrome.driver as /Users/vinu/.cache/selenium/chromedriver/mac64/124.0.6367.78/chromedriver
[INFO ] 2024-04-24 19:07:29.122 [main] DashboardPage_SD - Login Page: Admin is on the login page
[INFO ] 2024-04-24 19:23:39.153 [main] WebDriverManager - Using chromedriver 124.0.6367.78 (resolved driver for Chrome 124)
[INFO ] 2024-04-24 19:23:39.185 [main] WebDriverManager - Exporting webdriver.chrome.driver as /Users/vinu/.cache/selenium/chromedriver/mac64/124.0.6367.78/chromedriver
[INFO ] 2024-04-24 19:23:51.158 [main] DashboardPage_SD - Login Page: Admin is on the login page
[ERROR] 2024-04-24 19:24:10.719 [main] AllureLifecycle - Could not add attachment: no test is running
[INFO ] 2024-04-24 19:25:48.821 [main] WebDriverManager - Using chromedriver 124.0.6367.78 (resolved driver for Chrome 124)
[INFO ] 2024-04-24 19:25:48.864 [main] WebDriverManager - Exporting webdriver.chrome.driver as /Users/vinu/.cache/selenium/chromedriver/mac64/124.0.6367.78/chromedriver
[INFO ] 2024-04-24 19:26:00.456 [main] DashboardPage_SD - Login Page: Admin is on the login page
[ERROR] 2024-04-24 19:29:18.423 [main] AllureLifecycle - Could not add attachment: no test is running
[INFO ] 2024-04-24 19:29:34.948 [main] WebDriverManager - Using chromedriver 124.0.6367.78 (resolved driver for Chrome 124)
[INFO ] 2024-04-24 19:29:34.997 [main] WebDriverManager - Exporting webdriver.chrome.driver as /Users/vinu/.cache/selenium/chromedriver/mac64/124.0.6367.78/chromedriver
[ERROR] 2024-04-24 19:29:55.580 [main] AllureLifecycle - Could not add attachment: no test is running
[INFO ] 2024-04-24 19:30:21.215 [main] WebDriverManager - Using chromedriver 124.0.6367.78 (resolved driver for Chrome 124)
[INFO ] 2024-04-24 19:30:21.252 [main] WebDriverManager - Exporting webdriver.chrome.driver as /Users/vinu/.cache/selenium/chromedriver/mac64/124.0.6367.78/chromedriver
[INFO ] 2024-04-24 19:30:35.429 [main] DashboardPage_SD - Login Page: Admin is on the login page
[ERROR] 2024-04-24 19:32:59.720 [main] AllureLifecycle - Could not add attachment: no test is running
[INFO ] 2024-04-24 19:36:59.324 [main] WebDriverManager - Using chromedriver 124.0.6367.78 (resolved driver for Chrome 124)
[INFO ] 2024-04-24 19:36:59.345 [main] WebDriverManager - Exporting webdriver.chrome.driver as /Users/vinu/.cache/selenium/chromedriver/mac64/124.0.6367.78/chromedriver
[INFO ] 2024-04-24 19:37:10.415 [main] DashboardPage_SD - Login Page: Admin is on the login page
[INFO ] 2024-04-24 19:49:05.898 [main] WebDriverManager - Using chromedriver 124.0.6367.78 (resolved driver for Chrome 124)
[INFO ] 2024-04-24 19:49:05.943 [main] WebDriverManager - Exporting webdriver.chrome.driver as /Users/vinu/.cache/selenium/chromedriver/mac64/124.0.6367.78/chromedriver
[ERROR] 2024-04-24 19:49:26.539 [main] AllureLifecycle - Could not add attachment: no test is running
[INFO ] 2024-04-24 19:49:33.352 [main] DashboardPage_SD - Login Page: Admin is on the login page
[INFO ] 2024-04-24 19:56:24.076 [main] WebDriverManager - Using chromedriver 124.0.6367.78 (resolved driver for Chrome 124)
[INFO ] 2024-04-24 19:56:24.115 [main] WebDriverManager - Exporting webdriver.chrome.driver as /Users/vinu/.cache/selenium/chromedriver/mac64/124.0.6367.78/chromedriver
[ERROR] 2024-04-24 19:56:44.680 [main] AllureLifecycle - Could not add attachment: no test is running
[INFO ] 2024-04-24 19:56:53.028 [main] DashboardPage_SD - Login Page: Admin is on the login page
[INFO ] 2024-04-24 19:58:54.531 [main] WebDriverManager - Using chromedriver 124.0.6367.78 (resolved driver for Chrome 124)
[INFO ] 2024-04-24 19:58:54.573 [main] WebDriverManager - Exporting webdriver.chrome.driver as /Users/vinu/.cache/selenium/chromedriver/mac64/124.0.6367.78/chromedriver
[INFO ] 2024-04-24 19:59:12.099 [main] DashboardPage_SD - Login Page: Admin is on the login page
[INFO ] 2024-04-24 19:59:20.464 [main] DashboardPage_SD - Login Page: Admin is on the login page
[INFO ] 2024-04-24 20:07:03.044 [main] WebDriverManager - Using chromedriver 124.0.6367.78 (resolved driver for Chrome 124)
[INFO ] 2024-04-24 20:07:03.085 [main] WebDriverManager - Exporting webdriver.chrome.driver as /Users/vinu/.cache/selenium/chromedriver/mac64/124.0.6367.78/chromedriver
[INFO ] 2024-04-24 20:07:13.247 [main] DashboardPage_SD - Login Page: Admin is on the login page
[INFO ] 2024-04-24 20:07:21.612 [main] DashboardPage_SD - Login Page: Admin is on the login page
[INFO ] 2024-04-24 20:07:23.560 [main] DashboardPage_SD - Login Page: Admin is on the login page
[INFO ] 2024-04-24 20:16:14.425 [main] WebDriverManager - Using chromedriver 124.0.6367.78 (resolved driver for Chrome 124)
[INFO ] 2024-04-24 20:16:14.463 [main] WebDriverManager - Exporting webdriver.chrome.driver as /Users/vinu/.cache/selenium/chromedriver/mac64/124.0.6367.78/chromedriver
[INFO ] 2024-04-24 20:16:25.441 [main] DashboardPage_SD - Login Page: Admin is on the login page
[INFO ] 2024-04-24 20:16:33.998 [main] DashboardPage_SD - Login Page: Admin is on the login page
[INFO ] 2024-04-24 20:16:35.528 [main] DashboardPage_SD - Login Page: Admin is on the login page
[INFO ] 2024-04-24 20:17:43.290 [main] WebDriverManager - Using chromedriver 124.0.6367.78 (resolved driver for Chrome 124)
[INFO ] 2024-04-24 20:17:43.331 [main] WebDriverManager - Exporting webdriver.chrome.driver as /Users/vinu/.cache/selenium/chromedriver/mac64/124.0.6367.78/chromedriver
[INFO ] 2024-04-24 20:17:54.341 [main] DashboardPage_SD - Login Page: Admin is on the login page
[INFO ] 2024-04-24 20:18:03.655 [main] DashboardPage_SD - Login Page: Admin is on the login page
[INFO ] 2024-04-24 20:18:04.953 [main] DashboardPage_SD - Login Page: Admin is on the login page
[INFO ] 2024-04-24 20:39:52.799 [main] WebDriverManager - Using chromedriver 124.0.6367.78 (resolved driver for Chrome 124)
[INFO ] 2024-04-24 20:39:52.832 [main] WebDriverManager - Exporting webdriver.chrome.driver as /Users/vinu/.cache/selenium/chromedriver/mac64/124.0.6367.78/chromedriver
[INFO ] 2024-04-24 20:40:03.645 [main] DashboardPage_SD - Login Page: Admin is on the login page
[INFO ] 2024-04-24 20:40:13.733 [main] DashboardPage_SD - Login Page: Admin is on the login page
[INFO ] 2024-04-24 20:40:15.174 [main] DashboardPage_SD - Login Page: Admin is on the login page
[ERROR] 2024-04-24 20:40:32.139 [main] AllureLifecycle - Could not add attachment: no test is running
[INFO ] 2024-04-24 20:41:50.491 [main] WebDriverManager - Using chromedriver 124.0.6367.78 (resolved driver for Chrome 124)
[INFO ] 2024-04-24 20:41:50.532 [main] WebDriverManager - Exporting webdriver.chrome.driver as /Users/vinu/.cache/selenium/chromedriver/mac64/124.0.6367.78/chromedriver
[INFO ] 2024-04-24 20:42:01.336 [main] DashboardPage_SD - Login Page: Admin is on the login page
[INFO ] 2024-04-24 20:42:12.305 [main] DashboardPage_SD - Login Page: Admin is on the login page
[INFO ] 2024-04-24 20:42:13.583 [main] DashboardPage_SD - Login Page: Admin is on the login page
[ERROR] 2024-04-24 20:42:30.338 [main] AllureLifecycle - Could not add attachment: no test is running
[INFO ] 2024-04-24 20:46:56.730 [main] WebDriverManager - Using chromedriver 124.0.6367.78 (resolved driver for Chrome 124)
[INFO ] 2024-04-24 20:46:56.766 [main] WebDriverManager - Exporting webdriver.chrome.driver as /Users/vinu/.cache/selenium/chromedriver/mac64/124.0.6367.78/chromedriver
[INFO ] 2024-04-24 20:47:07.557 [main] DashboardPage_SD - Login Page: Admin is on the login page
[INFO ] 2024-04-24 20:47:17.278 [main] DashboardPage_SD - Login Page: Admin is on the login page
[INFO ] 2024-04-24 20:47:18.649 [main] DashboardPage_SD - Login Page: Admin is on the login page
[INFO ] 2024-04-24 20:54:40.806 [main] WebDriverManager - Using chromedriver 124.0.6367.78 (resolved driver for Chrome 124)
[INFO ] 2024-04-24 20:54:40.845 [main] WebDriverManager - Exporting webdriver.chrome.driver as /Users/vinu/.cache/selenium/chromedriver/mac64/124.0.6367.78/chromedriver
[INFO ] 2024-04-24 20:54:51.768 [main] DashboardPage_SD - Login Page: Admin is on the login page
[INFO ] 2024-04-24 20:55:01.729 [main] DashboardPage_SD - Login Page: Admin is on the login page
[INFO ] 2024-04-24 20:55:03.514 [main] DashboardPage_SD - Login Page: Admin is on the login page
[INFO ] 2024-04-24 20:55:04.916 [main] DashboardPage_SD - Login Page: Admin is on the login page
[INFO ] 2024-04-24 20:58:48.410 [main] WebDriverManager - Using chromedriver 124.0.6367.78 (resolved driver for Chrome 124)
[INFO ] 2024-04-24 20:58:48.448 [main] WebDriverManager - Exporting webdriver.chrome.driver as /Users/vinu/.cache/selenium/chromedriver/mac64/124.0.6367.78/chromedriver
[INFO ] 2024-04-24 20:58:59.108 [main] DashboardPage_SD - Login Page: Admin is on the login page
[INFO ] 2024-04-24 20:59:08.901 [main] DashboardPage_SD - Login Page: Admin is on the login page
[INFO ] 2024-04-24 20:59:10.440 [main] DashboardPage_SD - Login Page: Admin is on the login page
[INFO ] 2024-04-24 20:59:12.071 [main] DashboardPage_SD - Login Page: Admin is on the login page
[INFO ] 2024-04-24 21:04:04.501 [main] WebDriverManager - Using chromedriver 124.0.6367.78 (resolved driver for Chrome 124)
[INFO ] 2024-04-24 21:04:04.544 [main] WebDriverManager - Exporting webdriver.chrome.driver as /Users/vinu/.cache/selenium/chromedriver/mac64/124.0.6367.78/chromedriver
[INFO ] 2024-04-24 21:04:16.615 [main] DashboardPage_SD - Login Page: Admin is on the login page
[INFO ] 2024-04-24 21:04:26.377 [main] DashboardPage_SD - Login Page: Admin is on the login page
[INFO ] 2024-04-24 21:04:27.622 [main] DashboardPage_SD - Login Page: Admin is on the login page
[INFO ] 2024-04-24 21:04:29.313 [main] DashboardPage_SD - Login Page: Admin is on the login page
[INFO ] 2024-04-24 21:04:30.417 [main] DashboardPage_SD - Login Page: Admin is on the login page
[INFO ] 2024-04-24 21:25:51.520 [main] WebDriverManager - Using chromedriver 124.0.6367.78 (resolved driver for Chrome 124)
[INFO ] 2024-04-24 21:25:51.559 [main] WebDriverManager - Exporting webdriver.chrome.driver as /Users/vinu/.cache/selenium/chromedriver/mac64/124.0.6367.78/chromedriver
[INFO ] 2024-04-24 21:26:02.559 [main] DashboardPage_SD - Login Page: Admin is on the login page
[INFO ] 2024-04-24 21:26:11.902 [main] DashboardPage_SD - Login Page: Admin is on the login page
[INFO ] 2024-04-24 21:26:13.204 [main] DashboardPage_SD - Login Page: Admin is on the login page
[INFO ] 2024-04-24 21:42:51.017 [main] WebDriverManager - Using chromedriver 124.0.6367.78 (resolved driver for Chrome 124)
[INFO ] 2024-04-24 21:42:51.043 [main] WebDriverManager - Exporting webdriver.chrome.driver as /Users/vinu/.cache/selenium/chromedriver/mac64/124.0.6367.78/chromedriver
[INFO ] 2024-04-24 21:43:02.204 [main] DashboardPage_SD - Login Page: Admin is on the login page
[INFO ] 2024-04-24 21:43:13.096 [main] DashboardPage_SD - Login Page: Admin is on the login page
[INFO ] 2024-04-24 21:43:14.410 [main] DashboardPage_SD - Login Page: Admin is on the login page
[INFO ] 2024-04-24 21:43:15.979 [main] DashboardPage_SD - Login Page: Admin is on the login page
[INFO ] 2024-04-24 21:43:16.603 [main] DashboardPage_SD - Login Page: Admin is on the login page
[ERROR] 2024-04-24 21:43:17.940 [main] AllureLifecycle - Could not add attachment: no test is running
[INFO ] 2024-04-24 21:45:33.077 [main] WebDriverManager - Using chromedriver 124.0.6367.78 (resolved driver for Chrome 124)
[INFO ] 2024-04-24 21:45:33.118 [main] WebDriverManager - Exporting webdriver.chrome.driver as /Users/vinu/.cache/selenium/chromedriver/mac64/124.0.6367.78/chromedriver
[INFO ] 2024-04-24 21:45:44.119 [main] DashboardPage_SD - Login Page: Admin is on the login page
[INFO ] 2024-04-24 21:45:54.182 [main] DashboardPage_SD - Login Page: Admin is on the login page
[INFO ] 2024-04-24 21:45:55.511 [main] DashboardPage_SD - Login Page: Admin is on the login page
[INFO ] 2024-04-24 21:45:57.187 [main] DashboardPage_SD - Login Page: Admin is on the login page
[INFO ] 2024-04-24 21:45:57.820 [main] DashboardPage_SD - Login Page: Admin is on the login page
[INFO ] 2024-04-24 21:55:21.587 [main] WebDriverManager - Using chromedriver 124.0.6367.78 (resolved driver for Chrome 124)
[INFO ] 2024-04-24 21:55:21.620 [main] WebDriverManager - Exporting webdriver.chrome.driver as /Users/vinu/.cache/selenium/chromedriver/mac64/124.0.6367.78/chromedriver
[INFO ] 2024-04-24 21:55:32.833 [main] DashboardPage_SD - Login Page: Admin is on the login page
[INFO ] 2024-04-24 21:55:41.815 [main] DashboardPage_SD - Login Page: Admin is on the login page
[INFO ] 2024-04-24 21:55:43.630 [main] DashboardPage_SD - Login Page: Admin is on the login page
[INFO ] 2024-04-24 21:55:44.022 [main] DashboardPage_SD - Login Page: Admin is on the login page
[INFO ] 2024-04-24 21:55:45.412 [main] DashboardPage_SD - Login Page: Admin is on the login page
[INFO ] 2024-04-24 21:55:46.448 [main] DashboardPage_SD - Login Page: Admin is on the login page
[INFO ] 2024-04-24 22:00:39.928 [main] WebDriverManager - Using chromedriver 124.0.6367.78 (resolved driver for Chrome 124)
[INFO ] 2024-04-24 22:00:39.969 [main] WebDriverManager - Exporting webdriver.chrome.driver as /Users/vinu/.cache/selenium/chromedriver/mac64/124.0.6367.78/chromedriver
[INFO ] 2024-04-24 22:00:51.973 [main] DashboardPage_SD - Login Page: Admin is on the login page
[INFO ] 2024-04-24 22:01:00.384 [main] DashboardPage_SD - Login Page: Admin is on the login page
[INFO ] 2024-04-24 22:01:01.568 [main] DashboardPage_SD - Login Page: Admin is on the login page
[INFO ] 2024-04-24 22:01:02.210 [main] DashboardPage_SD - Login Page: Admin is on the login page
[INFO ] 2024-04-24 22:01:04.036 [main] DashboardPage_SD - Login Page: Admin is on the login page
[INFO ] 2024-04-24 22:01:05.370 [main] DashboardPage_SD - Login Page: Admin is on the login page
[INFO ] 2024-04-24 22:01:27.421 [main] WebDriverManager - Using chromedriver 124.0.6367.78 (resolved driver for Chrome 124)
[INFO ] 2024-04-24 22:01:27.458 [main] WebDriverManager - Exporting webdriver.chrome.driver as /Users/vinu/.cache/selenium/chromedriver/mac64/124.0.6367.78/chromedriver
[INFO ] 2024-04-24 22:01:38.754 [main] DashboardPage_SD - Login Page: Admin is on the login page
[INFO ] 2024-04-24 22:01:48.473 [main] DashboardPage_SD - Login Page: Admin is on the login page
[INFO ] 2024-04-24 22:01:50.099 [main] DashboardPage_SD - Login Page: Admin is on the login page
[INFO ] 2024-04-24 22:05:37.575 [main] WebDriverManager - Using chromedriver 124.0.6367.78 (resolved driver for Chrome 124)
[INFO ] 2024-04-24 22:05:37.614 [main] WebDriverManager - Exporting webdriver.chrome.driver as /Users/vinu/.cache/selenium/chromedriver/mac64/124.0.6367.78/chromedriver
[INFO ] 2024-04-24 22:05:49.488 [main] DashboardPage_SD - Login Page: Admin is on the login page
[INFO ] 2024-04-24 22:05:58.892 [main] DashboardPage_SD - Login Page: Admin is on the login page
[INFO ] 2024-04-24 22:06:00.463 [main] DashboardPage_SD - Login Page: Admin is on the login page
[INFO ] 2024-04-24 22:06:01.517 [main] DashboardPage_SD - Login Page: Admin is on the login page
[INFO ] 2024-04-24 22:06:02.631 [main] DashboardPage_SD - Login Page: Admin is on the login page
[INFO ] 2024-04-24 22:06:03.243 [main] DashboardPage_SD - Login Page: Admin is on the login page
[INFO ] 2024-04-24 22:12:58.112 [main] WebDriverManager - Using chromedriver 124.0.6367.78 (resolved driver for Chrome 124)
[INFO ] 2024-04-24 22:12:58.149 [main] WebDriverManager - Exporting webdriver.chrome.driver as /Users/vinu/.cache/selenium/chromedriver/mac64/124.0.6367.78/chromedriver
[INFO ] 2024-04-24 22:13:10.253 [main] DashboardPage_SD - Login Page: Admin is on the login page
[INFO ] 2024-04-24 22:13:19.316 [main] DashboardPage_SD - Login Page: Admin is on the login page
[INFO ] 2024-04-24 22:13:20.897 [main] DashboardPage_SD - Login Page: Admin is on the login page
[INFO ] 2024-04-24 22:13:21.924 [main] DashboardPage_SD - Login Page: Admin is on the login page
[INFO ] 2024-04-24 22:13:23.045 [main] DashboardPage_SD - Login Page: Admin is on the login page
[INFO ] 2024-04-24 22:13:23.669 [main] DashboardPage_SD - Login Page: Admin is on the login page
[INFO ] 2024-04-24 22:13:24.844 [main] DashboardPage_SD - Login Page: Admin is on the login page
[INFO ] 2024-04-24 22:18:24.876 [main] WebDriverManager - Using chromedriver 124.0.6367.78 (resolved driver for Chrome 124)
[INFO ] 2024-04-24 22:18:24.918 [main] WebDriverManager - Exporting webdriver.chrome.driver as /Users/vinu/.cache/selenium/chromedriver/mac64/124.0.6367.78/chromedriver
[INFO ] 2024-04-24 22:18:36.911 [main] DashboardPage_SD - Login Page: Admin is on the login page
[INFO ] 2024-04-24 22:18:45.554 [main] DashboardPage_SD - Login Page: Admin is on the login page
[INFO ] 2024-04-24 22:18:46.746 [main] DashboardPage_SD - Login Page: Admin is on the login page
[INFO ] 2024-04-24 22:18:47.769 [main] DashboardPage_SD - Login Page: Admin is on the login page
[INFO ] 2024-04-24 22:19:11.170 [main] DashboardPage_SD - Login Page: Admin is on the login page
[INFO ] 2024-04-24 22:19:11.828 [main] DashboardPage_SD - Login Page: Admin is on the login page
[INFO ] 2024-04-24 22:19:13.066 [main] DashboardPage_SD - Login Page: Admin is on the login page
[INFO ] 2024-04-24 22:26:12.278 [main] WebDriverManager - Using chromedriver 124.0.6367.78 (resolved driver for Chrome 124)
[INFO ] 2024-04-24 22:26:12.322 [main] WebDriverManager - Exporting webdriver.chrome.driver as /Users/vinu/.cache/selenium/chromedriver/mac64/124.0.6367.78/chromedriver
[INFO ] 2024-04-24 22:26:22.960 [main] DashboardPage_SD - Login Page: Admin is on the login page
[INFO ] 2024-04-24 22:26:33.700 [main] DashboardPage_SD - Login Page: Admin is on the login page
[INFO ] 2024-04-24 22:26:35.056 [main] DashboardPage_SD - Login Page: Admin is on the login page
[INFO ] 2024-04-24 22:26:36.367 [main] DashboardPage_SD - Login Page: Admin is on the login page
[INFO ] 2024-04-24 22:26:37.835 [main] DashboardPage_SD - Login Page: Admin is on the login page
[INFO ] 2024-04-24 22:26:38.537 [main] DashboardPage_SD - Login Page: Admin is on the login page
[INFO ] 2024-04-24 22:26:39.660 [main] DashboardPage_SD - Login Page: Admin is on the login page
[INFO ] 2024-04-24 22:28:43.232 [main] WebDriverManager - Using chromedriver 124.0.6367.78 (resolved driver for Chrome 124)
[INFO ] 2024-04-24 22:28:43.268 [main] WebDriverManager - Exporting webdriver.chrome.driver as /Users/vinu/.cache/selenium/chromedriver/mac64/124.0.6367.78/chromedriver
[INFO ] 2024-04-24 22:28:54.354 [main] DashboardPage_SD - Login Page: Admin is on the login page
[INFO ] 2024-04-24 22:29:04.309 [main] DashboardPage_SD - Login Page: Admin is on the login page
[INFO ] 2024-04-24 22:29:05.557 [main] DashboardPage_SD - Login Page: Admin is on the login page
[INFO ] 2024-04-24 22:29:06.556 [main] DashboardPage_SD - Login Page: Admin is on the login page
[INFO ] 2024-04-24 22:29:08.100 [main] DashboardPage_SD - Login Page: Admin is on the login page
[INFO ] 2024-04-24 22:29:08.950 [main] DashboardPage_SD - Login Page: Admin is on the login page
[INFO ] 2024-04-24 22:29:10.129 [main] DashboardPage_SD - Login Page: Admin is on the login page
[INFO ] 2024-04-24 22:37:05.088 [main] WebDriverManager - Using chromedriver 124.0.6367.78 (resolved driver for Chrome 124)
[INFO ] 2024-04-24 22:37:05.124 [main] WebDriverManager - Exporting webdriver.chrome.driver as /Users/vinu/.cache/selenium/chromedriver/mac64/124.0.6367.78/chromedriver
[INFO ] 2024-04-24 22:37:16.285 [main] DashboardPage_SD - Login Page: Admin is on the login page
[INFO ] 2024-04-24 22:37:26.051 [main] DashboardPage_SD - Login Page: Admin is on the login page
[INFO ] 2024-04-24 22:37:28.187 [main] DashboardPage_SD - Login Page: Admin is on the login page
[INFO ] 2024-04-24 22:37:29.200 [main] DashboardPage_SD - Login Page: Admin is on the login page
[INFO ] 2024-04-24 22:37:30.682 [main] DashboardPage_SD - Login Page: Admin is on the login page
[INFO ] 2024-04-24 22:37:32.193 [main] DashboardPage_SD - Login Page: Admin is on the login page
[INFO ] 2024-04-24 22:37:33.597 [main] DashboardPage_SD - Login Page: Admin is on the login page
[INFO ] 2024-04-24 22:37:34.573 [main] DashboardPage_SD - Login Page: Admin is on the login page
[INFO ] 2024-04-24 22:37:35.475 [main] DashboardPage_SD - Login Page: Admin is on the login page
[INFO ] 2024-04-24 22:37:36.346 [main] DashboardPage_SD - Login Page: Admin is on the login page
[INFO ] 2024-04-25 20:26:17.469 [main] WebDriverManager - Using chromedriver 124.0.6367.91 (resolved driver for Chrome 124)
[INFO ] 2024-04-25 20:26:17.570 [main] Downloader - Downloading https://storage.googleapis.com/chrome-for-testing-public/124.0.6367.91/mac-x64/chromedriver-mac-x64.zip
[INFO ] 2024-04-25 20:26:19.010 [main] Downloader - Extracting driver from compressed file chromedriver-mac-x64.zip
[INFO ] 2024-04-25 20:26:19.180 [main] WebDriverManager - Exporting webdriver.chrome.driver as /Users/vinu/.cache/selenium/chromedriver/mac64/124.0.6367.91/chromedriver
[INFO ] 2024-04-25 20:29:08.363 [main] WebDriverManager - Using chromedriver 124.0.6367.91 (resolved driver for Chrome 124)
[INFO ] 2024-04-25 20:29:08.391 [main] WebDriverManager - Exporting webdriver.chrome.driver as /Users/vinu/.cache/selenium/chromedriver/mac64/124.0.6367.91/chromedriver
[INFO ] 2024-04-25 20:38:22.441 [main] WebDriverManager - Using chromedriver 124.0.6367.91 (resolved driver for Chrome 124)
[INFO ] 2024-04-25 20:38:22.478 [main] WebDriverManager - Exporting webdriver.chrome.driver as /Users/vinu/.cache/selenium/chromedriver/mac64/124.0.6367.91/chromedriver
[INFO ] 2024-04-25 20:41:04.353 [main] WebDriverManager - Using chromedriver 124.0.6367.91 (resolved driver for Chrome 124)
[INFO ] 2024-04-25 20:41:04.387 [main] WebDriverManager - Exporting webdriver.chrome.driver as /Users/vinu/.cache/selenium/chromedriver/mac64/124.0.6367.91/chromedriver
[INFO ] 2024-04-25 20:51:41.251 [main] WebDriverManager - Using chromedriver 124.0.6367.91 (resolved driver for Chrome 124)
[INFO ] 2024-04-25 20:51:41.285 [main] WebDriverManager - Exporting webdriver.chrome.driver as /Users/vinu/.cache/selenium/chromedriver/mac64/124.0.6367.91/chromedriver
[ERROR] 2024-04-25 20:52:19.991 [main] AllureLifecycle - Could not add attachment: no test is running
[INFO ] 2024-04-25 20:56:10.730 [main] WebDriverManager - Using chromedriver 124.0.6367.91 (resolved driver for Chrome 124)
[INFO ] 2024-04-25 20:56:10.770 [main] WebDriverManager - Exporting webdriver.chrome.driver as /Users/vinu/.cache/selenium/chromedriver/mac64/124.0.6367.91/chromedriver
[ERROR] 2024-04-25 20:56:51.427 [main] AllureLifecycle - Could not add attachment: no test is running
[INFO ] 2024-04-25 20:59:27.143 [main] WebDriverManager - Using chromedriver 124.0.6367.91 (resolved driver for Chrome 124)
[INFO ] 2024-04-25 20:59:27.184 [main] WebDriverManager - Exporting webdriver.chrome.driver as /Users/vinu/.cache/selenium/chromedriver/mac64/124.0.6367.91/chromedriver
[ERROR] 2024-04-25 21:00:05.576 [main] AllureLifecycle - Could not add attachment: no test is running
[INFO ] 2024-04-25 21:01:47.880 [main] WebDriverManager - Using chromedriver 124.0.6367.91 (resolved driver for Chrome 124)
[INFO ] 2024-04-25 21:01:47.916 [main] WebDriverManager - Exporting webdriver.chrome.driver as /Users/vinu/.cache/selenium/chromedriver/mac64/124.0.6367.91/chromedriver
[ERROR] 2024-04-25 21:02:27.081 [main] AllureLifecycle - Could not add attachment: no test is running
[INFO ] 2024-04-25 21:04:53.315 [main] WebDriverManager - Using chromedriver 124.0.6367.91 (resolved driver for Chrome 124)
[INFO ] 2024-04-25 21:04:53.348 [main] WebDriverManager - Exporting webdriver.chrome.driver as /Users/vinu/.cache/selenium/chromedriver/mac64/124.0.6367.91/chromedriver
[ERROR] 2024-04-25 21:05:17.835 [main] AllureLifecycle - Could not add attachment: no test is running
[INFO ] 2024-04-25 21:07:33.540 [main] WebDriverManager - Using chromedriver 124.0.6367.91 (resolved driver for Chrome 124)
[INFO ] 2024-04-25 21:07:33.578 [main] WebDriverManager - Exporting webdriver.chrome.driver as /Users/vinu/.cache/selenium/chromedriver/mac64/124.0.6367.91/chromedriver
[INFO ] 2024-04-25 21:17:07.279 [main] WebDriverManager - Using chromedriver 124.0.6367.91 (resolved driver for Chrome 124)
[INFO ] 2024-04-25 21:17:07.304 [main] WebDriverManager - Exporting webdriver.chrome.driver as /Users/vinu/.cache/selenium/chromedriver/mac64/124.0.6367.91/chromedriver
[INFO ] 2024-04-25 21:26:04.035 [main] WebDriverManager - Using chromedriver 124.0.6367.91 (resolved driver for Chrome 124)
[INFO ] 2024-04-25 21:26:04.072 [main] WebDriverManager - Exporting webdriver.chrome.driver as /Users/vinu/.cache/selenium/chromedriver/mac64/124.0.6367.91/chromedriver
[INFO ] 2024-04-25 21:30:02.466 [main] WebDriverManager - Using chromedriver 124.0.6367.91 (resolved driver for Chrome 124)
[INFO ] 2024-04-25 21:30:02.487 [main] WebDriverManager - Exporting webdriver.chrome.driver as /Users/vinu/.cache/selenium/chromedriver/mac64/124.0.6367.91/chromedriver
[INFO ] 2024-04-25 21:37:25.266 [main] WebDriverManager - Using chromedriver 124.0.6367.91 (resolved driver for Chrome 124)
[INFO ] 2024-04-25 21:37:25.300 [main] WebDriverManager - Exporting webdriver.chrome.driver as /Users/vinu/.cache/selenium/chromedriver/mac64/124.0.6367.91/chromedriver
[ERROR] 2024-04-25 21:37:36.787 [main] AllureLifecycle - Could not add attachment: no test is running
[ERROR] 2024-04-25 21:37:39.155 [main] AllureLifecycle - Could not add attachment: no test is running
[INFO ] 2024-04-25 21:38:17.077 [main] WebDriverManager - Using chromedriver 124.0.6367.91 (resolved driver for Chrome 124)
[INFO ] 2024-04-25 21:38:17.110 [main] WebDriverManager - Exporting webdriver.chrome.driver as /Users/vinu/.cache/selenium/chromedriver/mac64/124.0.6367.91/chromedriver
[INFO ] 2024-04-25 21:50:42.607 [main] WebDriverManager - Using chromedriver 124.0.6367.91 (resolved driver for Chrome 124)
[INFO ] 2024-04-25 21:50:42.643 [main] WebDriverManager - Exporting webdriver.chrome.driver as /Users/vinu/.cache/selenium/chromedriver/mac64/124.0.6367.91/chromedriver
[ERROR] 2024-04-25 21:51:16.154 [main] AllureLifecycle - Could not add attachment: no test is running
[INFO ] 2024-04-25 21:56:39.516 [main] WebDriverManager - Using chromedriver 124.0.6367.91 (resolved driver for Chrome 124)
[INFO ] 2024-04-25 21:56:39.554 [main] WebDriverManager - Exporting webdriver.chrome.driver as /Users/vinu/.cache/selenium/chromedriver/mac64/124.0.6367.91/chromedriver
[ERROR] 2024-04-25 21:57:11.978 [main] AllureLifecycle - Could not add attachment: no test is running
[INFO ] 2024-04-25 22:01:24.377 [main] WebDriverManager - Using chromedriver 124.0.6367.91 (resolved driver for Chrome 124)
[INFO ] 2024-04-25 22:01:24.412 [main] WebDriverManager - Exporting webdriver.chrome.driver as /Users/vinu/.cache/selenium/chromedriver/mac64/124.0.6367.91/chromedriver
[INFO ] 2024-04-25 22:03:50.717 [main] WebDriverManager - Using chromedriver 124.0.6367.91 (resolved driver for Chrome 124)
[INFO ] 2024-04-25 22:03:50.748 [main] WebDriverManager - Exporting webdriver.chrome.driver as /Users/vinu/.cache/selenium/chromedriver/mac64/124.0.6367.91/chromedriver
[INFO ] 2024-04-25 22:05:06.331 [main] WebDriverManager - Using chromedriver 124.0.6367.91 (resolved driver for Chrome 124)
[INFO ] 2024-04-25 22:05:06.364 [main] WebDriverManager - Exporting webdriver.chrome.driver as /Users/vinu/.cache/selenium/chromedriver/mac64/124.0.6367.91/chromedriver
[INFO ] 2024-04-25 22:20:16.333 [main] WebDriverManager - Using chromedriver 124.0.6367.91 (resolved driver for Chrome 124)
[INFO ] 2024-04-25 22:20:16.369 [main] WebDriverManager - Exporting webdriver.chrome.driver as /Users/vinu/.cache/selenium/chromedriver/mac64/124.0.6367.91/chromedriver
[ERROR] 2024-04-25 22:20:51.139 [main] AllureLifecycle - Could not add attachment: no test is running
[INFO ] 2024-04-25 22:46:59.841 [main] WebDriverManager - Using chromedriver 124.0.6367.91 (resolved driver for Chrome 124)
[INFO ] 2024-04-25 22:46:59.866 [main] WebDriverManager - Exporting webdriver.chrome.driver as /Users/vinu/.cache/selenium/chromedriver/mac64/124.0.6367.91/chromedriver
[INFO ] 2024-04-25 22:48:30.900 [main] WebDriverManager - Using chromedriver 124.0.6367.91 (resolved driver for Chrome 124)
[INFO ] 2024-04-25 22:48:30.931 [main] WebDriverManager - Exporting webdriver.chrome.driver as /Users/vinu/.cache/selenium/chromedriver/mac64/124.0.6367.91/chromedriver
[ERROR] 2024-04-25 22:49:22.164 [main] AllureLifecycle - Could not add attachment: no test is running
[INFO ] 2024-04-25 22:50:20.637 [main] WebDriverManager - Using chromedriver 124.0.6367.91 (resolved driver for Chrome 124)
[INFO ] 2024-04-25 22:50:20.670 [main] WebDriverManager - Exporting webdriver.chrome.driver as /Users/vinu/.cache/selenium/chromedriver/mac64/124.0.6367.91/chromedriver
[ERROR] 2024-04-25 22:51:10.451 [main] AllureLifecycle - Could not add attachment: no test is running
[INFO ] 2024-04-25 22:51:40.516 [main] WebDriverManager - Using chromedriver 124.0.6367.91 (resolved driver for Chrome 124)
[INFO ] 2024-04-25 22:51:40.550 [main] WebDriverManager - Exporting webdriver.chrome.driver as /Users/vinu/.cache/selenium/chromedriver/mac64/124.0.6367.91/chromedriver
[INFO ] 2024-04-25 22:54:52.260 [main] WebDriverManager - Using chromedriver 124.0.6367.91 (resolved driver for Chrome 124)
[INFO ] 2024-04-25 22:54:52.293 [main] WebDriverManager - Exporting webdriver.chrome.driver as /Users/vinu/.cache/selenium/chromedriver/mac64/124.0.6367.91/chromedriver
[INFO ] 2024-04-25 22:56:16.791 [main] WebDriverManager - Using chromedriver 124.0.6367.91 (resolved driver for Chrome 124)
[INFO ] 2024-04-25 22:56:16.824 [main] WebDriverManager - Exporting webdriver.chrome.driver as /Users/vinu/.cache/selenium/chromedriver/mac64/124.0.6367.91/chromedriver
[INFO ] 2024-04-25 23:02:03.369 [main] WebDriverManager - Using chromedriver 124.0.6367.91 (resolved driver for Chrome 124)
[INFO ] 2024-04-25 23:02:03.401 [main] WebDriverManager - Exporting webdriver.chrome.driver as /Users/vinu/.cache/selenium/chromedriver/mac64/124.0.6367.91/chromedriver
[INFO ] 2024-04-25 23:03:26.641 [main] WebDriverManager - Using chromedriver 124.0.6367.91 (resolved driver for Chrome 124)
[INFO ] 2024-04-25 23:03:26.679 [main] WebDriverManager - Exporting webdriver.chrome.driver as /Users/vinu/.cache/selenium/chromedriver/mac64/124.0.6367.91/chromedriver
[INFO ] 2024-04-25 23:05:17.635 [main] WebDriverManager - Using chromedriver 124.0.6367.91 (resolved driver for Chrome 124)
[INFO ] 2024-04-25 23:05:17.671 [main] WebDriverManager - Exporting webdriver.chrome.driver as /Users/vinu/.cache/selenium/chromedriver/mac64/124.0.6367.91/chromedriver
[ERROR] 2024-04-25 23:05:38.270 [main] AllureLifecycle - Could not add attachment: no test is running
[ERROR] 2024-04-25 23:05:57.066 [main] AllureLifecycle - Could not add attachment: no test is running
[INFO ] 2024-04-25 23:07:30.555 [main] WebDriverManager - Using chromedriver 124.0.6367.91 (resolved driver for Chrome 124)
[INFO ] 2024-04-25 23:07:30.590 [main] WebDriverManager - Exporting webdriver.chrome.driver as /Users/vinu/.cache/selenium/chromedriver/mac64/124.0.6367.91/chromedriver
[ERROR] 2024-04-25 23:07:51.130 [main] AllureLifecycle - Could not add attachment: no test is running
[ERROR] 2024-04-25 23:08:08.796 [main] AllureLifecycle - Could not add attachment: no test is running
[INFO ] 2024-04-25 23:10:56.939 [main] WebDriverManager - Using chromedriver 124.0.6367.91 (resolved driver for Chrome 124)
[INFO ] 2024-04-25 23:10:56.972 [main] WebDriverManager - Exporting webdriver.chrome.driver as /Users/vinu/.cache/selenium/chromedriver/mac64/124.0.6367.91/chromedriver
[ERROR] 2024-04-25 23:11:10.841 [main] AllureLifecycle - Could not add attachment: no test is running
[ERROR] 2024-04-25 23:11:13.694 [main] AllureLifecycle - Could not add attachment: no test is running
[ERROR] 2024-04-25 23:11:15.667 [main] AllureLifecycle - Could not add attachment: no test is running
[ERROR] 2024-04-25 23:11:18.058 [main] AllureLifecycle - Could not add attachment: no test is running
[INFO ] 2024-04-25 23:12:04.603 [main] WebDriverManager - Using chromedriver 124.0.6367.91 (resolved driver for Chrome 124)
[INFO ] 2024-04-25 23:12:04.641 [main] WebDriverManager - Exporting webdriver.chrome.driver as /Users/vinu/.cache/selenium/chromedriver/mac64/124.0.6367.91/chromedriver
[INFO ] 2024-04-26 17:22:36.118 [main] WebDriverManager - Using chromedriver 124.0.6367.91 (resolved driver for Chrome 124)
[INFO ] 2024-04-26 17:22:36.154 [main] WebDriverManager - Exporting webdriver.chrome.driver as /Users/vinu/.cache/selenium/chromedriver/mac64/124.0.6367.91/chromedriver
[INFO ] 2024-04-26 17:27:47.455 [main] WebDriverManager - Using chromedriver 124.0.6367.91 (resolved driver for Chrome 124)
[INFO ] 2024-04-26 17:27:47.489 [main] WebDriverManager - Exporting webdriver.chrome.driver as /Users/vinu/.cache/selenium/chromedriver/mac64/124.0.6367.91/chromedriver
[INFO ] 2024-04-27 11:16:33.633 [main] WebDriverManager - Using chromedriver 124.0.6367.91 (resolved driver for Chrome 124)
[INFO ] 2024-04-27 11:16:33.670 [main] WebDriverManager - Exporting webdriver.chrome.driver as /Users/vinu/.cache/selenium/chromedriver/mac64/124.0.6367.91/chromedriver
[INFO ] 2024-04-27 21:52:31.027 [main] WebDriverManager - Using chromedriver 124.0.6367.91 (resolved driver for Chrome 124)
[INFO ] 2024-04-27 21:52:31.061 [main] WebDriverManager - Exporting webdriver.chrome.driver as /Users/vinu/.cache/selenium/chromedriver/mac64/124.0.6367.91/chromedriver
[ERROR] 2024-04-27 21:53:28.886 [main] AllureLifecycle - Could not add attachment: no test is running
[INFO ] 2024-04-27 22:05:26.193 [main] WebDriverManager - Using chromedriver 124.0.6367.91 (resolved driver for Chrome 124)
[INFO ] 2024-04-27 22:05:26.229 [main] WebDriverManager - Exporting webdriver.chrome.driver as /Users/vinu/.cache/selenium/chromedriver/mac64/124.0.6367.91/chromedriver
[ERROR] 2024-04-27 22:06:22.897 [main] AllureLifecycle - Could not add attachment: no test is running
[INFO ] 2024-04-27 22:10:11.827 [main] WebDriverManager - Using chromedriver 124.0.6367.91 (resolved driver for Chrome 124)
[INFO ] 2024-04-27 22:10:11.861 [main] WebDriverManager - Exporting webdriver.chrome.driver as /Users/vinu/.cache/selenium/chromedriver/mac64/124.0.6367.91/chromedriver
[INFO ] 2024-04-27 22:11:31.183 [main] WebDriverManager - Using chromedriver 124.0.6367.91 (resolved driver for Chrome 124)
[INFO ] 2024-04-27 22:11:31.215 [main] WebDriverManager - Exporting webdriver.chrome.driver as /Users/vinu/.cache/selenium/chromedriver/mac64/124.0.6367.91/chromedriver
[ERROR] 2024-04-27 22:12:21.233 [main] AllureLifecycle - Could not add attachment: no test is running
[INFO ] 2024-04-27 22:20:51.401 [main] WebDriverManager - Using chromedriver 124.0.6367.91 (resolved driver for Chrome 124)
[INFO ] 2024-04-27 22:20:51.440 [main] WebDriverManager - Exporting webdriver.chrome.driver as /Users/vinu/.cache/selenium/chromedriver/mac64/124.0.6367.91/chromedriver
[INFO ] 2024-04-27 22:26:26.470 [main] WebDriverManager - Using chromedriver 124.0.6367.91 (resolved driver for Chrome 124)
[INFO ] 2024-04-27 22:26:26.511 [main] WebDriverManager - Exporting webdriver.chrome.driver as /Users/vinu/.cache/selenium/chromedriver/mac64/124.0.6367.91/chromedriver
[ERROR] 2024-04-27 22:27:17.190 [main] AllureLifecycle - Could not add attachment: no test is running
[ERROR] 2024-04-27 22:27:36.977 [main] AllureLifecycle - Could not add attachment: no test is running
[INFO ] 2024-04-27 22:37:25.089 [main] WebDriverManager - Using chromedriver 124.0.6367.91 (resolved driver for Chrome 124)
[INFO ] 2024-04-27 22:37:25.133 [main] WebDriverManager - Exporting webdriver.chrome.driver as /Users/vinu/.cache/selenium/chromedriver/mac64/124.0.6367.91/chromedriver
[ERROR] 2024-04-27 22:38:24.153 [main] AllureLifecycle - Could not add attachment: no test is running
[INFO ] 2024-04-27 22:42:11.526 [main] WebDriverManager - Using chromedriver 124.0.6367.91 (resolved driver for Chrome 124)
[INFO ] 2024-04-27 22:42:11.562 [main] WebDriverManager - Exporting webdriver.chrome.driver as /Users/vinu/.cache/selenium/chromedriver/mac64/124.0.6367.91/chromedriver
[ERROR] 2024-04-27 22:43:12.071 [main] AllureLifecycle - Could not add attachment: no test is running
[INFO ] 2024-04-27 22:44:58.330 [main] WebDriverManager - Using chromedriver 124.0.6367.91 (resolved driver for Chrome 124)
[INFO ] 2024-04-27 22:44:58.382 [main] WebDriverManager - Exporting webdriver.chrome.driver as /Users/vinu/.cache/selenium/chromedriver/mac64/124.0.6367.91/chromedriver
[INFO ] 2024-04-27 22:48:53.126 [main] WebDriverManager - Using chromedriver 124.0.6367.91 (resolved driver for Chrome 124)
[INFO ] 2024-04-27 22:48:53.169 [main] WebDriverManager - Exporting webdriver.chrome.driver as /Users/vinu/.cache/selenium/chromedriver/mac64/124.0.6367.91/chromedriver
[INFO ] 2024-04-27 22:52:25.376 [main] WebDriverManager - Using chromedriver 124.0.6367.91 (resolved driver for Chrome 124)
[INFO ] 2024-04-27 22:52:25.417 [main] WebDriverManager - Exporting webdriver.chrome.driver as /Users/vinu/.cache/selenium/chromedriver/mac64/124.0.6367.91/chromedriver
[INFO ] 2024-04-27 23:04:09.140 [main] WebDriverManager - Using chromedriver 124.0.6367.91 (resolved driver for Chrome 124)
[INFO ] 2024-04-27 23:04:09.170 [main] WebDriverManager - Exporting webdriver.chrome.driver as /Users/vinu/.cache/selenium/chromedriver/mac64/124.0.6367.91/chromedriver
[ERROR] 2024-04-27 23:04:54.906 [main] AllureLifecycle - Could not add attachment: no test is running
[INFO ] 2024-04-27 23:12:42.828 [main] WebDriverManager - Using chromedriver 124.0.6367.91 (resolved driver for Chrome 124)
[INFO ] 2024-04-27 23:12:42.870 [main] WebDriverManager - Exporting webdriver.chrome.driver as /Users/vinu/.cache/selenium/chromedriver/mac64/124.0.6367.91/chromedriver
[ERROR] 2024-04-27 23:13:36.273 [main] AllureLifecycle - Could not add attachment: no test is running
[ERROR] 2024-04-27 23:13:43.386 [main] AllureLifecycle - Could not add attachment: no test is running
[INFO ] 2024-04-27 23:17:27.254 [main] WebDriverManager - Using chromedriver 124.0.6367.91 (resolved driver for Chrome 124)
[INFO ] 2024-04-27 23:17:27.294 [main] WebDriverManager - Exporting webdriver.chrome.driver as /Users/vinu/.cache/selenium/chromedriver/mac64/124.0.6367.91/chromedriver
[ERROR] 2024-04-27 23:18:18.759 [main] AllureLifecycle - Could not add attachment: no test is running
[INFO ] 2024-04-27 23:18:34.553 [main] WebDriverManager - Using chromedriver 124.0.6367.91 (resolved driver for Chrome 124)
[INFO ] 2024-04-27 23:18:34.598 [main] WebDriverManager - Exporting webdriver.chrome.driver as /Users/vinu/.cache/selenium/chromedriver/mac64/124.0.6367.91/chromedriver
[ERROR] 2024-04-27 23:19:28.618 [main] AllureLifecycle - Could not add attachment: no test is running
[ERROR] 2024-04-27 23:19:49.393 [main] AllureLifecycle - Could not add attachment: no test is running
[ERROR] 2024-04-27 23:21:16.432 [main] AllureLifecycle - Could not add attachment: no test is running
[INFO ] 2024-04-27 23:24:46.760 [main] WebDriverManager - Using chromedriver 124.0.6367.91 (resolved driver for Chrome 124)
[INFO ] 2024-04-27 23:24:46.803 [main] WebDriverManager - Exporting webdriver.chrome.driver as /Users/vinu/.cache/selenium/chromedriver/mac64/124.0.6367.91/chromedriver
[INFO ] 2024-04-27 23:27:31.055 [main] WebDriverManager - Using chromedriver 124.0.6367.91 (resolved driver for Chrome 124)
[INFO ] 2024-04-27 23:27:31.096 [main] WebDriverManager - Exporting webdriver.chrome.driver as /Users/vinu/.cache/selenium/chromedriver/mac64/124.0.6367.91/chromedriver
[INFO ] 2024-04-27 23:48:25.996 [main] WebDriverManager - Using chromedriver 124.0.6367.91 (resolved driver for Chrome 124)
[INFO ] 2024-04-27 23:48:26.040 [main] WebDriverManager - Exporting webdriver.chrome.driver as /Users/vinu/.cache/selenium/chromedriver/mac64/124.0.6367.91/chromedriver
[ERROR] 2024-04-27 23:49:17.733 [main] AllureLifecycle - Could not add attachment: no test is running
[INFO ] 2024-04-27 23:52:06.828 [main] WebDriverManager - Using chromedriver 124.0.6367.91 (resolved driver for Chrome 124)
[INFO ] 2024-04-27 23:52:06.867 [main] WebDriverManager - Exporting webdriver.chrome.driver as /Users/vinu/.cache/selenium/chromedriver/mac64/124.0.6367.91/chromedriver
[ERROR] 2024-04-27 23:52:59.103 [main] AllureLifecycle - Could not add attachment: no test is running
[INFO ] 2024-04-27 23:59:56.034 [main] WebDriverManager - Using chromedriver 124.0.6367.91 (resolved driver for Chrome 124)
[INFO ] 2024-04-27 23:59:56.066 [main] WebDriverManager - Exporting webdriver.chrome.driver as /Users/vinu/.cache/selenium/chromedriver/mac64/124.0.6367.91/chromedriver
[ERROR] 2024-04-28 00:00:47.300 [main] AllureLifecycle - Could not add attachment: no test is running
[INFO ] 2024-04-28 00:11:13.081 [main] WebDriverManager - Using chromedriver 124.0.6367.91 (resolved driver for Chrome 124)
[INFO ] 2024-04-28 00:11:13.112 [main] WebDriverManager - Exporting webdriver.chrome.driver as /Users/vinu/.cache/selenium/chromedriver/mac64/124.0.6367.91/chromedriver
[INFO ] 2024-04-28 00:22:52.327 [main] WebDriverManager - Using chromedriver 124.0.6367.91 (resolved driver for Chrome 124)
[INFO ] 2024-04-28 00:22:52.355 [main] WebDriverManager - Exporting webdriver.chrome.driver as /Users/vinu/.cache/selenium/chromedriver/mac64/124.0.6367.91/chromedriver
[INFO ] 2024-04-28 00:31:36.993 [main] WebDriverManager - Using chromedriver 124.0.6367.91 (resolved driver for Chrome 124)
[INFO ] 2024-04-28 00:31:37.030 [main] WebDriverManager - Exporting webdriver.chrome.driver as /Users/vinu/.cache/selenium/chromedriver/mac64/124.0.6367.91/chromedriver
[INFO ] 2024-04-28 00:34:11.861 [main] WebDriverManager - Using chromedriver 124.0.6367.91 (resolved driver for Chrome 124)
[INFO ] 2024-04-28 00:34:11.900 [main] WebDriverManager - Exporting webdriver.chrome.driver as /Users/vinu/.cache/selenium/chromedriver/mac64/124.0.6367.91/chromedriver
[INFO ] 2024-04-28 00:39:44.488 [main] WebDriverManager - Using chromedriver 124.0.6367.91 (resolved driver for Chrome 124)
[INFO ] 2024-04-28 00:39:44.525 [main] WebDriverManager - Exporting webdriver.chrome.driver as /Users/vinu/.cache/selenium/chromedriver/mac64/124.0.6367.91/chromedriver
[ERROR] 2024-04-28 00:40:32.380 [main] AllureLifecycle - Could not add attachment: no test is running
[INFO ] 2024-04-28 00:44:31.672 [main] WebDriverManager - Using chromedriver 124.0.6367.91 (resolved driver for Chrome 124)
[INFO ] 2024-04-28 00:44:31.715 [main] WebDriverManager - Exporting webdriver.chrome.driver as /Users/vinu/.cache/selenium/chromedriver/mac64/124.0.6367.91/chromedriver
[ERROR] 2024-04-28 00:45:25.292 [main] AllureLifecycle - Could not add attachment: no test is running
[INFO ] 2024-04-28 00:48:58.680 [main] WebDriverManager - Using chromedriver 124.0.6367.91 (resolved driver for Chrome 124)
[INFO ] 2024-04-28 00:48:58.711 [main] WebDriverManager - Exporting webdriver.chrome.driver as /Users/vinu/.cache/selenium/chromedriver/mac64/124.0.6367.91/chromedriver
[ERROR] 2024-04-28 00:49:46.960 [main] AllureLifecycle - Could not add attachment: no test is running
[INFO ] 2024-04-28 00:51:30.632 [main] WebDriverManager - Using chromedriver 124.0.6367.91 (resolved driver for Chrome 124)
[INFO ] 2024-04-28 00:51:30.669 [main] WebDriverManager - Exporting webdriver.chrome.driver as /Users/vinu/.cache/selenium/chromedriver/mac64/124.0.6367.91/chromedriver
[INFO ] 2024-04-28 00:55:44.048 [main] WebDriverManager - Using chromedriver 124.0.6367.91 (resolved driver for Chrome 124)
[INFO ] 2024-04-28 00:55:44.084 [main] WebDriverManager - Exporting webdriver.chrome.driver as /Users/vinu/.cache/selenium/chromedriver/mac64/124.0.6367.91/chromedriver
[ERROR] 2024-04-28 00:56:39.758 [main] AllureLifecycle - Could not add attachment: no test is running
[INFO ] 2024-04-28 00:59:33.212 [main] WebDriverManager - Using chromedriver 124.0.6367.91 (resolved driver for Chrome 124)
[INFO ] 2024-04-28 00:59:33.250 [main] WebDriverManager - Exporting webdriver.chrome.driver as /Users/vinu/.cache/selenium/chromedriver/mac64/124.0.6367.91/chromedriver
[ERROR] 2024-04-28 01:00:27.740 [main] AllureLifecycle - Could not add attachment: no test is running
[INFO ] 2024-04-28 01:02:16.673 [main] WebDriverManager - Using chromedriver 124.0.6367.91 (resolved driver for Chrome 124)
[INFO ] 2024-04-28 01:02:16.711 [main] WebDriverManager - Exporting webdriver.chrome.driver as /Users/vinu/.cache/selenium/chromedriver/mac64/124.0.6367.91/chromedriver
[ERROR] 2024-04-28 01:02:36.870 [main] AllureLifecycle - Could not add attachment: no test is running
[ERROR] 2024-04-28 01:02:46.070 [main] AllureLifecycle - Could not add attachment: no test is running
[ERROR] 2024-04-28 01:02:50.793 [main] AllureLifecycle - Could not add attachment: no test is running
[INFO ] 2024-04-28 01:03:44.856 [main] WebDriverManager - Using chromedriver 124.0.6367.91 (resolved driver for Chrome 124)
[INFO ] 2024-04-28 01:03:44.890 [main] WebDriverManager - Exporting webdriver.chrome.driver as /Users/vinu/.cache/selenium/chromedriver/mac64/124.0.6367.91/chromedriver
[ERROR] 2024-04-28 01:04:37.423 [main] AllureLifecycle - Could not add attachment: no test is running
[INFO ] 2024-04-28 01:07:22.659 [main] WebDriverManager - Using chromedriver 124.0.6367.91 (resolved driver for Chrome 124)
[INFO ] 2024-04-28 01:07:22.697 [main] WebDriverManager - Exporting webdriver.chrome.driver as /Users/vinu/.cache/selenium/chromedriver/mac64/124.0.6367.91/chromedriver
[ERROR] 2024-04-28 01:08:18.777 [main] AllureLifecycle - Could not add attachment: no test is running
[INFO ] 2024-04-28 01:12:04.165 [main] WebDriverManager - Using chromedriver 124.0.6367.91 (resolved driver for Chrome 124)
[INFO ] 2024-04-28 01:12:04.191 [main] WebDriverManager - Exporting webdriver.chrome.driver as /Users/vinu/.cache/selenium/chromedriver/mac64/124.0.6367.91/chromedriver
[ERROR] 2024-04-28 01:12:58.963 [main] AllureLifecycle - Could not add attachment: no test is running
[INFO ] 2024-04-28 01:15:18.003 [main] WebDriverManager - Using chromedriver 124.0.6367.91 (resolved driver for Chrome 124)
[INFO ] 2024-04-28 01:15:18.039 [main] WebDriverManager - Exporting webdriver.chrome.driver as /Users/vinu/.cache/selenium/chromedriver/mac64/124.0.6367.91/chromedriver
[ERROR] 2024-04-28 01:16:11.309 [main] AllureLifecycle - Could not add attachment: no test is running
[INFO ] 2024-04-28 01:18:32.358 [main] WebDriverManager - Using chromedriver 124.0.6367.91 (resolved driver for Chrome 124)
[INFO ] 2024-04-28 01:18:32.430 [main] WebDriverManager - Exporting webdriver.chrome.driver as /Users/vinu/.cache/selenium/chromedriver/mac64/124.0.6367.91/chromedriver
[ERROR] 2024-04-28 01:19:23.462 [main] AllureLifecycle - Could not add attachment: no test is running
[INFO ] 2024-04-28 08:47:48.261 [main] WebDriverManager - Using chromedriver 124.0.6367.91 (resolved driver for Chrome 124)
[INFO ] 2024-04-28 08:47:48.291 [main] WebDriverManager - Exporting webdriver.chrome.driver as /Users/vinu/.cache/selenium/chromedriver/mac64/124.0.6367.91/chromedriver
[ERROR] 2024-04-28 08:48:41.613 [main] AllureLifecycle - Could not add attachment: no test is running
[INFO ] 2024-04-28 08:49:48.749 [main] WebDriverManager - Using chromedriver 124.0.6367.91 (resolved driver for Chrome 124)
[INFO ] 2024-04-28 08:49:48.790 [main] WebDriverManager - Exporting webdriver.chrome.driver as /Users/vinu/.cache/selenium/chromedriver/mac64/124.0.6367.91/chromedriver
[ERROR] 2024-04-28 08:50:41.232 [main] AllureLifecycle - Could not add attachment: no test is running
[INFO ] 2024-04-28 08:55:17.140 [main] WebDriverManager - Using chromedriver 124.0.6367.91 (resolved driver for Chrome 124)
[INFO ] 2024-04-28 08:55:17.177 [main] WebDriverManager - Exporting webdriver.chrome.driver as /Users/vinu/.cache/selenium/chromedriver/mac64/124.0.6367.91/chromedriver
[ERROR] 2024-04-28 08:56:08.914 [main] AllureLifecycle - Could not add attachment: no test is running
[INFO ] 2024-04-28 09:00:07.444 [main] WebDriverManager - Using chromedriver 124.0.6367.91 (resolved driver for Chrome 124)
[INFO ] 2024-04-28 09:00:07.479 [main] WebDriverManager - Exporting webdriver.chrome.driver as /Users/vinu/.cache/selenium/chromedriver/mac64/124.0.6367.91/chromedriver
[ERROR] 2024-04-28 09:00:58.127 [main] AllureLifecycle - Could not add attachment: no test is running
[INFO ] 2024-04-28 09:14:45.549 [main] WebDriverManager - Using chromedriver 124.0.6367.91 (resolved driver for Chrome 124)
[INFO ] 2024-04-28 09:14:45.588 [main] WebDriverManager - Exporting webdriver.chrome.driver as /Users/vinu/.cache/selenium/chromedriver/mac64/124.0.6367.91/chromedriver
[ERROR] 2024-04-28 09:15:38.427 [main] AllureLifecycle - Could not add attachment: no test is running
[INFO ] 2024-04-28 10:20:16.232 [main] WebDriverManager - Using chromedriver 124.0.6367.91 (resolved driver for Chrome 124)
[INFO ] 2024-04-28 10:20:16.263 [main] WebDriverManager - Exporting webdriver.chrome.driver as /Users/vinu/.cache/selenium/chromedriver/mac64/124.0.6367.91/chromedriver
[ERROR] 2024-04-28 10:21:08.881 [main] AllureLifecycle - Could not add attachment: no test is running
[INFO ] 2024-04-28 10:29:56.987 [main] WebDriverManager - Using chromedriver 124.0.6367.91 (resolved driver for Chrome 124)
[INFO ] 2024-04-28 10:29:57.027 [main] WebDriverManager - Exporting webdriver.chrome.driver as /Users/vinu/.cache/selenium/chromedriver/mac64/124.0.6367.91/chromedriver
[ERROR] 2024-04-28 10:30:44.868 [main] AllureLifecycle - Could not add attachment: no test is running
[ERROR] 2024-04-28 10:31:03.731 [main] AllureLifecycle - Could not add attachment: no test is running
[INFO ] 2024-04-28 10:47:28.038 [main] WebDriverManager - Using chromedriver 124.0.6367.91 (resolved driver for Chrome 124)
[INFO ] 2024-04-28 10:47:28.078 [main] WebDriverManager - Exporting webdriver.chrome.driver as /Users/vinu/.cache/selenium/chromedriver/mac64/124.0.6367.91/chromedriver
[ERROR] 2024-04-28 10:48:15.011 [main] AllureLifecycle - Could not add attachment: no test is running
[ERROR] 2024-04-28 10:48:34.616 [main] AllureLifecycle - Could not add attachment: no test is running
[INFO ] 2024-04-28 11:04:31.726 [main] WebDriverManager - Using chromedriver 124.0.6367.91 (resolved driver for Chrome 124)
[INFO ] 2024-04-28 11:04:31.770 [main] WebDriverManager - Exporting webdriver.chrome.driver as /Users/vinu/.cache/selenium/chromedriver/mac64/124.0.6367.91/chromedriver
[ERROR] 2024-04-28 11:05:18.289 [main] AllureLifecycle - Could not add attachment: no test is running
[ERROR] 2024-04-28 11:05:37.074 [main] AllureLifecycle - Could not add attachment: no test is running
[INFO ] 2024-04-28 11:07:27.719 [main] WebDriverManager - Using chromedriver 124.0.6367.91 (resolved driver for Chrome 124)
[INFO ] 2024-04-28 11:07:27.757 [main] WebDriverManager - Exporting webdriver.chrome.driver as /Users/vinu/.cache/selenium/chromedriver/mac64/124.0.6367.91/chromedriver
[ERROR] 2024-04-28 11:08:15.559 [main] AllureLifecycle - Could not add attachment: no test is running
[ERROR] 2024-04-28 11:08:34.243 [main] AllureLifecycle - Could not add attachment: no test is running
[INFO ] 2024-04-28 11:10:59.590 [main] WebDriverManager - Using chromedriver 124.0.6367.91 (resolved driver for Chrome 124)
[INFO ] 2024-04-28 11:10:59.624 [main] WebDriverManager - Exporting webdriver.chrome.driver as /Users/vinu/.cache/selenium/chromedriver/mac64/124.0.6367.91/chromedriver
[ERROR] 2024-04-28 11:11:45.610 [main] AllureLifecycle - Could not add attachment: no test is running
[ERROR] 2024-04-28 11:12:06.801 [main] AllureLifecycle - Could not add attachment: no test is running
[INFO ] 2024-04-28 11:16:59.791 [main] WebDriverManager - Using chromedriver 124.0.6367.91 (resolved driver for Chrome 124)
[INFO ] 2024-04-28 11:16:59.823 [main] WebDriverManager - Exporting webdriver.chrome.driver as /Users/vinu/.cache/selenium/chromedriver/mac64/124.0.6367.91/chromedriver
[ERROR] 2024-04-28 11:17:48.646 [main] AllureLifecycle - Could not add attachment: no test is running
[ERROR] 2024-04-28 11:18:13.975 [main] AllureLifecycle - Could not add attachment: no test is running
[INFO ] 2024-04-28 11:19:47.611 [main] WebDriverManager - Using chromedriver 124.0.6367.91 (resolved driver for Chrome 124)
[INFO ] 2024-04-28 11:19:47.647 [main] WebDriverManager - Exporting webdriver.chrome.driver as /Users/vinu/.cache/selenium/chromedriver/mac64/124.0.6367.91/chromedriver
[ERROR] 2024-04-28 11:20:35.282 [main] AllureLifecycle - Could not add attachment: no test is running
[ERROR] 2024-04-28 11:20:44.405 [main] AllureLifecycle - Could not add attachment: no test is running
[INFO ] 2024-04-28 11:22:37.313 [main] WebDriverManager - Using chromedriver 124.0.6367.91 (resolved driver for Chrome 124)
[INFO ] 2024-04-28 11:22:37.333 [main] WebDriverManager - Exporting webdriver.chrome.driver as /Users/vinu/.cache/selenium/chromedriver/mac64/124.0.6367.91/chromedriver
[ERROR] 2024-04-28 11:23:16.923 [main] AllureLifecycle - Could not add attachment: no test is running
[ERROR] 2024-04-28 11:23:25.138 [main] AllureLifecycle - Could not add attachment: no test is running
[INFO ] 2024-04-28 11:24:45.134 [main] WebDriverManager - Using chromedriver 124.0.6367.91 (resolved driver for Chrome 124)
[INFO ] 2024-04-28 11:24:45.163 [main] WebDriverManager - Exporting webdriver.chrome.driver as /Users/vinu/.cache/selenium/chromedriver/mac64/124.0.6367.91/chromedriver
[ERROR] 2024-04-28 11:25:27.039 [main] AllureLifecycle - Could not add attachment: no test is running
[INFO ] 2024-04-28 11:29:24.175 [main] WebDriverManager - Using chromedriver 124.0.6367.91 (resolved driver for Chrome 124)
[INFO ] 2024-04-28 11:29:24.218 [main] WebDriverManager - Exporting webdriver.chrome.driver as /Users/vinu/.cache/selenium/chromedriver/mac64/124.0.6367.91/chromedriver
[ERROR] 2024-04-28 11:30:02.767 [main] AllureLifecycle - Could not add attachment: no test is running
[INFO ] 2024-04-28 11:31:40.054 [main] WebDriverManager - Using chromedriver 124.0.6367.91 (resolved driver for Chrome 124)
[INFO ] 2024-04-28 11:31:40.089 [main] WebDriverManager - Exporting webdriver.chrome.driver as /Users/vinu/.cache/selenium/chromedriver/mac64/124.0.6367.91/chromedriver
[ERROR] 2024-04-28 11:32:30.954 [main] AllureLifecycle - Could not add attachment: no test is running
[INFO ] 2024-04-28 11:39:48.841 [main] WebDriverManager - Using chromedriver 124.0.6367.91 (resolved driver for Chrome 124)
[INFO ] 2024-04-28 11:39:48.906 [main] WebDriverManager - Exporting webdriver.chrome.driver as /Users/vinu/.cache/selenium/chromedriver/mac64/124.0.6367.91/chromedriver
[ERROR] 2024-04-28 11:40:47.011 [main] AllureLifecycle - Could not add attachment: no test is running
[INFO ] 2024-04-28 11:55:18.197 [main] WebDriverManager - Using chromedriver 124.0.6367.91 (resolved driver for Chrome 124)
[INFO ] 2024-04-28 11:55:18.246 [main] WebDriverManager - Exporting webdriver.chrome.driver as /Users/vinu/.cache/selenium/chromedriver/mac64/124.0.6367.91/chromedriver
[INFO ] 2024-04-28 12:01:20.418 [main] WebDriverManager - Using chromedriver 124.0.6367.91 (resolved driver for Chrome 124)
[INFO ] 2024-04-28 12:01:20.457 [main] WebDriverManager - Exporting webdriver.chrome.driver as /Users/vinu/.cache/selenium/chromedriver/mac64/124.0.6367.91/chromedriver
[ERROR] 2024-04-28 12:01:21.489 [main] AllureLifecycle - Could not add attachment: no test is running
[ERROR] 2024-04-28 12:01:38.795 [main] AllureLifecycle - Could not add attachment: no test is running
[INFO ] 2024-04-28 12:06:25.588 [main] WebDriverManager - Using chromedriver 124.0.6367.91 (resolved driver for Chrome 124)
[INFO ] 2024-04-28 12:06:25.632 [main] WebDriverManager - Exporting webdriver.chrome.driver as /Users/vinu/.cache/selenium/chromedriver/mac64/124.0.6367.91/chromedriver
[INFO ] 2024-04-28 12:53:44.341 [main] WebDriverManager - Using chromedriver 124.0.6367.91 (resolved driver for Chrome 124)
[INFO ] 2024-04-28 12:53:44.372 [main] WebDriverManager - Exporting webdriver.chrome.driver as /Users/vinu/.cache/selenium/chromedriver/mac64/124.0.6367.91/chromedriver
[ERROR] 2024-04-28 12:54:42.505 [main] AllureLifecycle - Could not add attachment: no test is running
[INFO ] 2024-04-28 12:57:42.295 [main] WebDriverManager - Using chromedriver 124.0.6367.91 (resolved driver for Chrome 124)
[INFO ] 2024-04-28 12:57:42.332 [main] WebDriverManager - Exporting webdriver.chrome.driver as /Users/vinu/.cache/selenium/chromedriver/mac64/124.0.6367.91/chromedriver
[INFO ] 2024-04-28 15:56:42.865 [main] WebDriverManager - Using chromedriver 124.0.6367.91 (resolved driver for Chrome 124)
[INFO ] 2024-04-28 15:56:42.891 [main] WebDriverManager - Exporting webdriver.chrome.driver as /Users/vinu/.cache/selenium/chromedriver/mac64/124.0.6367.91/chromedriver
[INFO ] 2024-04-28 16:06:07.659 [main] WebDriverManager - Using chromedriver 124.0.6367.91 (resolved driver for Chrome 124)
[INFO ] 2024-04-28 16:06:07.699 [main] WebDriverManager - Exporting webdriver.chrome.driver as /Users/vinu/.cache/selenium/chromedriver/mac64/124.0.6367.91/chromedriver
[ERROR] 2024-04-28 16:06:54.468 [main] AllureLifecycle - Could not add attachment: no test is running
[INFO ] 2024-04-28 16:12:33.442 [main] WebDriverManager - Using chromedriver 124.0.6367.91 (resolved driver for Chrome 124)
[INFO ] 2024-04-28 16:12:33.510 [main] WebDriverManager - Exporting webdriver.chrome.driver as /Users/vinu/.cache/selenium/chromedriver/mac64/124.0.6367.91/chromedriver
[INFO ] 2024-04-28 16:27:05.994 [main] WebDriverManager - Using chromedriver 124.0.6367.91 (resolved driver for Chrome 124)
[INFO ] 2024-04-28 16:27:06.028 [main] WebDriverManager - Exporting webdriver.chrome.driver as /Users/vinu/.cache/selenium/chromedriver/mac64/124.0.6367.91/chromedriver
[INFO ] 2024-04-28 16:31:27.746 [main] WebDriverManager - Using chromedriver 124.0.6367.91 (resolved driver for Chrome 124)
[INFO ] 2024-04-28 16:31:27.779 [main] WebDriverManager - Exporting webdriver.chrome.driver as /Users/vinu/.cache/selenium/chromedriver/mac64/124.0.6367.91/chromedriver
[INFO ] 2024-04-28 16:42:13.844 [main] WebDriverManager - Using chromedriver 124.0.6367.91 (resolved driver for Chrome 124)
[INFO ] 2024-04-28 16:42:13.886 [main] WebDriverManager - Exporting webdriver.chrome.driver as /Users/vinu/.cache/selenium/chromedriver/mac64/124.0.6367.91/chromedriver
[ERROR] 2024-04-28 16:43:01.308 [main] AllureLifecycle - Could not add attachment: no test is running
[ERROR] 2024-04-28 16:43:27.481 [main] AllureLifecycle - Could not add attachment: no test is running
[ERROR] 2024-04-28 16:43:47.349 [main] AllureLifecycle - Could not add attachment: no test is running
[ERROR] 2024-04-28 16:44:07.017 [main] AllureLifecycle - Could not add attachment: no test is running
[ERROR] 2024-04-28 16:44:26.948 [main] AllureLifecycle - Could not add attachment: no test is running
[INFO ] 2024-04-28 16:59:58.081 [main] WebDriverManager - Using chromedriver 124.0.6367.91 (resolved driver for Chrome 124)
[INFO ] 2024-04-28 16:59:58.107 [main] WebDriverManager - Exporting webdriver.chrome.driver as /Users/vinu/.cache/selenium/chromedriver/mac64/124.0.6367.91/chromedriver
[ERROR] 2024-04-28 17:01:03.378 [main] AllureLifecycle - Could not add attachment: no test is running
[ERROR] 2024-04-28 17:01:29.763 [main] AllureLifecycle - Could not add attachment: no test is running
[ERROR] 2024-04-28 17:01:49.490 [main] AllureLifecycle - Could not add attachment: no test is running
[ERROR] 2024-04-28 17:02:09.323 [main] AllureLifecycle - Could not add attachment: no test is running
[ERROR] 2024-04-28 17:02:29.826 [main] AllureLifecycle - Could not add attachment: no test is running
[INFO ] 2024-04-28 17:09:40.597 [main] WebDriverManager - Using chromedriver 124.0.6367.91 (resolved driver for Chrome 124)
[INFO ] 2024-04-28 17:09:40.637 [main] WebDriverManager - Exporting webdriver.chrome.driver as /Users/vinu/.cache/selenium/chromedriver/mac64/124.0.6367.91/chromedriver
[ERROR] 2024-04-28 17:10:25.166 [main] AllureLifecycle - Could not add attachment: no test is running
[ERROR] 2024-04-28 17:10:50.737 [main] AllureLifecycle - Could not add attachment: no test is running
[ERROR] 2024-04-28 17:11:10.781 [main] AllureLifecycle - Could not add attachment: no test is running
[ERROR] 2024-04-28 17:11:30.692 [main] AllureLifecycle - Could not add attachment: no test is running
[ERROR] 2024-04-28 17:11:50.327 [main] AllureLifecycle - Could not add attachment: no test is running
[INFO ] 2024-04-28 17:15:58.429 [main] WebDriverManager - Using chromedriver 124.0.6367.91 (resolved driver for Chrome 124)
[INFO ] 2024-04-28 17:15:58.462 [main] WebDriverManager - Exporting webdriver.chrome.driver as /Users/vinu/.cache/selenium/chromedriver/mac64/124.0.6367.91/chromedriver
[ERROR] 2024-04-28 17:16:19.041 [main] AllureLifecycle - Could not add attachment: no test is running
[ERROR] 2024-04-28 17:16:34.601 [main] AllureLifecycle - Could not add attachment: no test is running
[ERROR] 2024-04-28 17:17:22.185 [main] AllureLifecycle - Could not add attachment: no test is running
[ERROR] 2024-04-28 17:17:50.359 [main] AllureLifecycle - Could not add attachment: no test is running
[ERROR] 2024-04-28 17:18:05.841 [main] AllureLifecycle - Could not add attachment: no test is running
[ERROR] 2024-04-28 17:18:21.305 [main] AllureLifecycle - Could not add attachment: no test is running
[ERROR] 2024-04-28 17:18:36.770 [main] AllureLifecycle - Could not add attachment: no test is running
[INFO ] 2024-04-28 17:21:26.896 [main] WebDriverManager - Using chromedriver 124.0.6367.91 (resolved driver for Chrome 124)
[INFO ] 2024-04-28 17:21:26.935 [main] WebDriverManager - Exporting webdriver.chrome.driver as /Users/vinu/.cache/selenium/chromedriver/mac64/124.0.6367.91/chromedriver
[ERROR] 2024-04-28 17:22:30.832 [main] AllureLifecycle - Could not add attachment: no test is running
[ERROR] 2024-04-28 17:22:57.222 [main] AllureLifecycle - Could not add attachment: no test is running
[ERROR] 2024-04-28 17:23:17.029 [main] AllureLifecycle - Could not add attachment: no test is running
[ERROR] 2024-04-28 17:23:36.807 [main] AllureLifecycle - Could not add attachment: no test is running
[INFO ] 2024-04-28 17:27:49.272 [main] WebDriverManager - Using chromedriver 124.0.6367.91 (resolved driver for Chrome 124)
[INFO ] 2024-04-28 17:27:49.313 [main] WebDriverManager - Exporting webdriver.chrome.driver as /Users/vinu/.cache/selenium/chromedriver/mac64/124.0.6367.91/chromedriver
[INFO ] 2024-04-28 17:31:28.928 [main] WebDriverManager - Using chromedriver 124.0.6367.91 (resolved driver for Chrome 124)
[INFO ] 2024-04-28 17:31:28.969 [main] WebDriverManager - Exporting webdriver.chrome.driver as /Users/vinu/.cache/selenium/chromedriver/mac64/124.0.6367.91/chromedriver
[INFO ] 2024-04-28 17:58:49.353 [main] WebDriverManager - Using chromedriver 124.0.6367.91 (resolved driver for Chrome 124)
[INFO ] 2024-04-28 17:58:49.394 [main] WebDriverManager - Exporting webdriver.chrome.driver as /Users/vinu/.cache/selenium/chromedriver/mac64/124.0.6367.91/chromedriver
[INFO ] 2024-04-28 18:11:40.176 [main] WebDriverManager - Using chromedriver 124.0.6367.91 (resolved driver for Chrome 124)
[INFO ] 2024-04-28 18:11:40.207 [main] WebDriverManager - Exporting webdriver.chrome.driver as /Users/vinu/.cache/selenium/chromedriver/mac64/124.0.6367.91/chromedriver
[ERROR] 2024-04-28 18:12:37.513 [main] AllureLifecycle - Could not add attachment: no test is running
[ERROR] 2024-04-28 18:13:03.605 [main] AllureLifecycle - Could not add attachment: no test is running
[ERROR] 2024-04-28 18:13:25.014 [main] AllureLifecycle - Could not add attachment: no test is running
[ERROR] 2024-04-28 18:13:45.421 [main] AllureLifecycle - Could not add attachment: no test is running
[ERROR] 2024-04-28 18:14:05.841 [main] AllureLifecycle - Could not add attachment: no test is running
[INFO ] 2024-04-28 18:19:29.294 [main] WebDriverManager - Using chromedriver 124.0.6367.91 (resolved driver for Chrome 124)
[INFO ] 2024-04-28 18:19:29.334 [main] WebDriverManager - Exporting webdriver.chrome.driver as /Users/vinu/.cache/selenium/chromedriver/mac64/124.0.6367.91/chromedriver
[ERROR] 2024-04-28 18:20:30.120 [main] AllureLifecycle - Could not add attachment: no test is running
[ERROR] 2024-04-28 18:20:56.088 [main] AllureLifecycle - Could not add attachment: no test is running
[ERROR] 2024-04-28 18:21:16.097 [main] AllureLifecycle - Could not add attachment: no test is running
[INFO ] 2024-04-28 18:22:16.055 [main] WebDriverManager - Using chromedriver 124.0.6367.91 (resolved driver for Chrome 124)
[INFO ] 2024-04-28 18:22:16.090 [main] WebDriverManager - Exporting webdriver.chrome.driver as /Users/vinu/.cache/selenium/chromedriver/mac64/124.0.6367.91/chromedriver
[ERROR] 2024-04-28 18:23:19.556 [main] AllureLifecycle - Could not add attachment: no test is running
[ERROR] 2024-04-28 18:23:46.318 [main] AllureLifecycle - Could not add attachment: no test is running
[INFO ] 2024-04-28 18:27:48.221 [main] WebDriverManager - Using chromedriver 124.0.6367.91 (resolved driver for Chrome 124)
[INFO ] 2024-04-28 18:27:48.256 [main] WebDriverManager - Exporting webdriver.chrome.driver as /Users/vinu/.cache/selenium/chromedriver/mac64/124.0.6367.91/chromedriver
[ERROR] 2024-04-28 18:28:48.980 [main] AllureLifecycle - Could not add attachment: no test is running
[ERROR] 2024-04-28 18:29:15.357 [main] AllureLifecycle - Could not add attachment: no test is running
[ERROR] 2024-04-28 18:29:35.586 [main] AllureLifecycle - Could not add attachment: no test is running
[ERROR] 2024-04-28 18:29:55.298 [main] AllureLifecycle - Could not add attachment: no test is running
[ERROR] 2024-04-28 18:30:15.361 [main] AllureLifecycle - Could not add attachment: no test is running
[INFO ] 2024-04-28 18:40:30.364 [main] WebDriverManager - Using chromedriver 124.0.6367.91 (resolved driver for Chrome 124)
[INFO ] 2024-04-28 18:40:30.403 [main] WebDriverManager - Exporting webdriver.chrome.driver as /Users/vinu/.cache/selenium/chromedriver/mac64/124.0.6367.91/chromedriver
[ERROR] 2024-04-28 18:41:33.348 [main] AllureLifecycle - Could not add attachment: no test is running
[ERROR] 2024-04-28 18:41:59.765 [main] AllureLifecycle - Could not add attachment: no test is running
[ERROR] 2024-04-28 18:42:19.741 [main] AllureLifecycle - Could not add attachment: no test is running
[INFO ] 2024-04-28 18:48:08.723 [main] WebDriverManager - Using chromedriver 124.0.6367.91 (resolved driver for Chrome 124)
[INFO ] 2024-04-28 18:48:08.757 [main] WebDriverManager - Exporting webdriver.chrome.driver as /Users/vinu/.cache/selenium/chromedriver/mac64/124.0.6367.91/chromedriver
[ERROR] 2024-04-28 18:48:56.735 [main] AllureLifecycle - Could not add attachment: no test is running
[ERROR] 2024-04-28 18:49:22.702 [main] AllureLifecycle - Could not add attachment: no test is running
[ERROR] 2024-04-28 18:49:42.654 [main] AllureLifecycle - Could not add attachment: no test is running
[ERROR] 2024-04-28 18:50:02.540 [main] AllureLifecycle - Could not add attachment: no test is running
[INFO ] 2024-04-28 18:52:36.540 [main] WebDriverManager - Using chromedriver 124.0.6367.91 (resolved driver for Chrome 124)
[INFO ] 2024-04-28 18:52:36.574 [main] WebDriverManager - Exporting webdriver.chrome.driver as /Users/vinu/.cache/selenium/chromedriver/mac64/124.0.6367.91/chromedriver
[ERROR] 2024-04-28 18:53:25.150 [main] AllureLifecycle - Could not add attachment: no test is running
[ERROR] 2024-04-28 18:53:51.375 [main] AllureLifecycle - Could not add attachment: no test is running
[INFO ] 2024-04-28 18:56:59.382 [main] WebDriverManager - Using chromedriver 124.0.6367.91 (resolved driver for Chrome 124)
[INFO ] 2024-04-28 18:56:59.423 [main] WebDriverManager - Exporting webdriver.chrome.driver as /Users/vinu/.cache/selenium/chromedriver/mac64/124.0.6367.91/chromedriver
[ERROR] 2024-04-28 18:57:49.068 [main] AllureLifecycle - Could not add attachment: no test is running
[ERROR] 2024-04-28 18:58:15.119 [main] AllureLifecycle - Could not add attachment: no test is running
[ERROR] 2024-04-28 18:58:35.132 [main] AllureLifecycle - Could not add attachment: no test is running
[ERROR] 2024-04-28 18:58:55.016 [main] AllureLifecycle - Could not add attachment: no test is running
[ERROR] 2024-04-28 18:59:15.721 [main] AllureLifecycle - Could not add attachment: no test is running
[INFO ] 2024-04-28 18:59:49.712 [main] WebDriverManager - Using chromedriver 124.0.6367.91 (resolved driver for Chrome 124)
[INFO ] 2024-04-28 18:59:49.755 [main] WebDriverManager - Exporting webdriver.chrome.driver as /Users/vinu/.cache/selenium/chromedriver/mac64/124.0.6367.91/chromedriver
[ERROR] 2024-04-28 19:01:03.274 [main] AllureLifecycle - Could not add attachment: no test is running
[ERROR] 2024-04-28 19:01:23.151 [main] AllureLifecycle - Could not add attachment: no test is running
[INFO ] 2024-04-28 19:09:21.658 [main] WebDriverManager - Using chromedriver 124.0.6367.91 (resolved driver for Chrome 124)
[INFO ] 2024-04-28 19:09:21.693 [main] WebDriverManager - Exporting webdriver.chrome.driver as /Users/vinu/.cache/selenium/chromedriver/mac64/124.0.6367.91/chromedriver
[INFO ] 2024-04-28 19:10:00.917 [main] WebDriverManager - Using chromedriver 124.0.6367.91 (resolved driver for Chrome 124)
[INFO ] 2024-04-28 19:10:00.955 [main] WebDriverManager - Exporting webdriver.chrome.driver as /Users/vinu/.cache/selenium/chromedriver/mac64/124.0.6367.91/chromedriver
[ERROR] 2024-04-28 19:10:07.009 [main] AllureLifecycle - Could not add attachment: no test is running
[INFO ] 2024-04-28 19:14:21.308 [main] WebDriverManager - Using chromedriver 124.0.6367.91 (resolved driver for Chrome 124)
[INFO ] 2024-04-28 19:14:21.339 [main] WebDriverManager - Exporting webdriver.chrome.driver as /Users/vinu/.cache/selenium/chromedriver/mac64/124.0.6367.91/chromedriver
[ERROR] 2024-04-28 19:15:33.250 [main] AllureLifecycle - Could not add attachment: no test is running
[ERROR] 2024-04-28 19:15:53.145 [main] AllureLifecycle - Could not add attachment: no test is running
[INFO ] 2024-04-28 19:17:13.602 [main] WebDriverManager - Using chromedriver 124.0.6367.91 (resolved driver for Chrome 124)
[INFO ] 2024-04-28 19:17:13.638 [main] WebDriverManager - Exporting webdriver.chrome.driver as /Users/vinu/.cache/selenium/chromedriver/mac64/124.0.6367.91/chromedriver
[INFO ] 2024-04-28 19:17:23.074 [main] WebDriverManager - Using chromedriver 124.0.6367.91 (resolved driver for Chrome 124)
[INFO ] 2024-04-28 19:17:23.114 [main] WebDriverManager - Exporting webdriver.chrome.driver as /Users/vinu/.cache/selenium/chromedriver/mac64/124.0.6367.91/chromedriver
[ERROR] 2024-04-28 19:18:54.658 [main] AllureLifecycle - Could not add attachment: no test is running
[INFO ] 2024-04-28 19:23:22.216 [main] WebDriverManager - Using chromedriver 124.0.6367.91 (resolved driver for Chrome 124)
[INFO ] 2024-04-28 19:23:22.251 [main] WebDriverManager - Exporting webdriver.chrome.driver as /Users/vinu/.cache/selenium/chromedriver/mac64/124.0.6367.91/chromedriver
[ERROR] 2024-04-28 19:24:34.976 [main] AllureLifecycle - Could not add attachment: no test is running
[ERROR] 2024-04-28 19:24:54.808 [main] AllureLifecycle - Could not add attachment: no test is running
[ERROR] 2024-04-28 19:25:14.459 [main] AllureLifecycle - Could not add attachment: no test is running
[ERROR] 2024-04-28 19:25:34.821 [main] AllureLifecycle - Could not add attachment: no test is running
[INFO ] 2024-04-28 19:26:55.517 [main] WebDriverManager - Using chromedriver 124.0.6367.91 (resolved driver for Chrome 124)
[INFO ] 2024-04-28 19:26:55.575 [main] WebDriverManager - Exporting webdriver.chrome.driver as /Users/vinu/.cache/selenium/chromedriver/mac64/124.0.6367.91/chromedriver
[ERROR] 2024-04-28 19:29:01.952 [main] AllureLifecycle - Could not add attachment: no test is running
[ERROR] 2024-04-28 19:29:22.076 [main] AllureLifecycle - Could not add attachment: no test is running
[ERROR] 2024-04-28 19:29:43.932 [main] AllureLifecycle - Could not add attachment: no test is running
[ERROR] 2024-04-28 19:30:04.208 [main] AllureLifecycle - Could not add attachment: no test is running
[INFO ] 2024-04-28 19:31:05.569 [main] WebDriverManager - Using chromedriver 124.0.6367.91 (resolved driver for Chrome 124)
[INFO ] 2024-04-28 19:31:05.603 [main] WebDriverManager - Exporting webdriver.chrome.driver as /Users/vinu/.cache/selenium/chromedriver/mac64/124.0.6367.91/chromedriver
[ERROR] 2024-04-28 19:31:44.983 [main] AllureLifecycle - Could not add attachment: no test is running
[INFO ] 2024-04-28 19:33:21.607 [main] WebDriverManager - Using chromedriver 124.0.6367.91 (resolved driver for Chrome 124)
[INFO ] 2024-04-28 19:33:21.640 [main] WebDriverManager - Exporting webdriver.chrome.driver as /Users/vinu/.cache/selenium/chromedriver/mac64/124.0.6367.91/chromedriver
[ERROR] 2024-04-28 19:34:03.352 [main] AllureLifecycle - Could not add attachment: no test is running
[INFO ] 2024-04-28 19:36:03.654 [main] WebDriverManager - Using chromedriver 124.0.6367.91 (resolved driver for Chrome 124)
[INFO ] 2024-04-28 19:36:03.693 [main] WebDriverManager - Exporting webdriver.chrome.driver as /Users/vinu/.cache/selenium/chromedriver/mac64/124.0.6367.91/chromedriver
[ERROR] 2024-04-28 19:36:44.535 [main] AllureLifecycle - Could not add attachment: no test is running
[INFO ] 2024-04-28 19:38:29.898 [main] WebDriverManager - Using chromedriver 124.0.6367.91 (resolved driver for Chrome 124)
[INFO ] 2024-04-28 19:38:29.945 [main] WebDriverManager - Exporting webdriver.chrome.driver as /Users/vinu/.cache/selenium/chromedriver/mac64/124.0.6367.91/chromedriver
[ERROR] 2024-04-28 19:38:50.478 [main] AllureLifecycle - Could not add attachment: no test is running
[INFO ] 2024-04-28 19:41:42.556 [main] WebDriverManager - Using chromedriver 124.0.6367.91 (resolved driver for Chrome 124)
[INFO ] 2024-04-28 19:41:42.590 [main] WebDriverManager - Exporting webdriver.chrome.driver as /Users/vinu/.cache/selenium/chromedriver/mac64/124.0.6367.91/chromedriver
[ERROR] 2024-04-28 19:42:21.728 [main] AllureLifecycle - Could not add attachment: no test is running
[INFO ] 2024-04-28 19:45:51.972 [main] WebDriverManager - Using chromedriver 124.0.6367.91 (resolved driver for Chrome 124)
[INFO ] 2024-04-28 19:45:52.009 [main] WebDriverManager - Exporting webdriver.chrome.driver as /Users/vinu/.cache/selenium/chromedriver/mac64/124.0.6367.91/chromedriver
[INFO ] 2024-04-28 19:46:33.646 [main] WebDriverManager - Using chromedriver 124.0.6367.91 (resolved driver for Chrome 124)
[INFO ] 2024-04-28 19:46:33.681 [main] WebDriverManager - Exporting webdriver.chrome.driver as /Users/vinu/.cache/selenium/chromedriver/mac64/124.0.6367.91/chromedriver
[INFO ] 2024-04-28 19:47:21.510 [main] WebDriverManager - Using chromedriver 124.0.6367.91 (resolved driver for Chrome 124)
[INFO ] 2024-04-28 19:47:21.546 [main] WebDriverManager - Exporting webdriver.chrome.driver as /Users/vinu/.cache/selenium/chromedriver/mac64/124.0.6367.91/chromedriver
[INFO ] 2024-04-28 19:48:52.657 [main] WebDriverManager - Using chromedriver 124.0.6367.91 (resolved driver for Chrome 124)
[INFO ] 2024-04-28 19:48:52.688 [main] WebDriverManager - Exporting webdriver.chrome.driver as /Users/vinu/.cache/selenium/chromedriver/mac64/124.0.6367.91/chromedriver
[INFO ] 2024-04-28 19:50:38.788 [main] WebDriverManager - Using chromedriver 124.0.6367.91 (resolved driver for Chrome 124)
[INFO ] 2024-04-28 19:50:38.828 [main] WebDriverManager - Exporting webdriver.chrome.driver as /Users/vinu/.cache/selenium/chromedriver/mac64/124.0.6367.91/chromedriver
[ERROR] 2024-04-28 19:50:59.655 [main] AllureLifecycle - Could not add attachment: no test is running
[INFO ] 2024-04-28 19:57:25.651 [main] WebDriverManager - Using chromedriver 124.0.6367.91 (resolved driver for Chrome 124)
[INFO ] 2024-04-28 19:57:25.684 [main] WebDriverManager - Exporting webdriver.chrome.driver as /Users/vinu/.cache/selenium/chromedriver/mac64/124.0.6367.91/chromedriver
[ERROR] 2024-04-28 19:58:09.390 [main] AllureLifecycle - Could not add attachment: no test is running
[INFO ] 2024-04-28 20:06:00.558 [main] WebDriverManager - Using chromedriver 124.0.6367.91 (resolved driver for Chrome 124)
[INFO ] 2024-04-28 20:06:00.601 [main] WebDriverManager - Exporting webdriver.chrome.driver as /Users/vinu/.cache/selenium/chromedriver/mac64/124.0.6367.91/chromedriver
[ERROR] 2024-04-28 20:06:56.223 [main] AllureLifecycle - Could not add attachment: no test is running
[INFO ] 2024-04-28 20:07:17.997 [main] WebDriverManager - Using chromedriver 124.0.6367.91 (resolved driver for Chrome 124)
[INFO ] 2024-04-28 20:07:18.034 [main] WebDriverManager - Exporting webdriver.chrome.driver as /Users/vinu/.cache/selenium/chromedriver/mac64/124.0.6367.91/chromedriver
[INFO ] 2024-04-28 20:10:24.618 [main] WebDriverManager - Using chromedriver 124.0.6367.91 (resolved driver for Chrome 124)
[INFO ] 2024-04-28 20:10:24.656 [main] WebDriverManager - Exporting webdriver.chrome.driver as /Users/vinu/.cache/selenium/chromedriver/mac64/124.0.6367.91/chromedriver
[INFO ] 2024-04-28 20:11:37.318 [main] WebDriverManager - Using chromedriver 124.0.6367.91 (resolved driver for Chrome 124)
[INFO ] 2024-04-28 20:11:37.351 [main] WebDriverManager - Exporting webdriver.chrome.driver as /Users/vinu/.cache/selenium/chromedriver/mac64/124.0.6367.91/chromedriver
[INFO ] 2024-04-28 20:14:39.002 [main] WebDriverManager - Using chromedriver 124.0.6367.91 (resolved driver for Chrome 124)
[INFO ] 2024-04-28 20:14:39.027 [main] WebDriverManager - Exporting webdriver.chrome.driver as /Users/vinu/.cache/selenium/chromedriver/mac64/124.0.6367.91/chromedriver
[INFO ] 2024-04-28 20:17:13.531 [main] WebDriverManager - Using chromedriver 124.0.6367.91 (resolved driver for Chrome 124)
[INFO ] 2024-04-28 20:17:13.576 [main] WebDriverManager - Exporting webdriver.chrome.driver as /Users/vinu/.cache/selenium/chromedriver/mac64/124.0.6367.91/chromedriver
[ERROR] 2024-04-28 20:18:24.080 [main] AllureLifecycle - Could not add attachment: no test is running
[INFO ] 2024-04-28 20:22:20.081 [main] WebDriverManager - Using chromedriver 124.0.6367.91 (resolved driver for Chrome 124)
[INFO ] 2024-04-28 20:22:20.117 [main] WebDriverManager - Exporting webdriver.chrome.driver as /Users/vinu/.cache/selenium/chromedriver/mac64/124.0.6367.91/chromedriver
[ERROR] 2024-04-28 20:23:58.998 [main] AllureLifecycle - Could not add attachment: no test is running
[INFO ] 2024-04-28 20:26:14.025 [main] WebDriverManager - Using chromedriver 124.0.6367.91 (resolved driver for Chrome 124)
[INFO ] 2024-04-28 20:26:14.058 [main] WebDriverManager - Exporting webdriver.chrome.driver as /Users/vinu/.cache/selenium/chromedriver/mac64/124.0.6367.91/chromedriver
[ERROR] 2024-04-28 20:27:03.480 [main] AllureLifecycle - Could not add attachment: no test is running
[INFO ] 2024-04-28 20:28:37.588 [main] WebDriverManager - Using chromedriver 124.0.6367.91 (resolved driver for Chrome 124)
[INFO ] 2024-04-28 20:28:37.652 [main] WebDriverManager - Exporting webdriver.chrome.driver as /Users/vinu/.cache/selenium/chromedriver/mac64/124.0.6367.91/chromedriver
[INFO ] 2024-04-28 20:34:23.836 [main] WebDriverManager - Using chromedriver 124.0.6367.91 (resolved driver for Chrome 124)
[INFO ] 2024-04-28 20:34:23.876 [main] WebDriverManager - Exporting webdriver.chrome.driver as /Users/vinu/.cache/selenium/chromedriver/mac64/124.0.6367.91/chromedriver
[INFO ] 2024-04-28 20:39:35.441 [main] WebDriverManager - Using chromedriver 124.0.6367.91 (resolved driver for Chrome 124)
[INFO ] 2024-04-28 20:39:35.481 [main] WebDriverManager - Exporting webdriver.chrome.driver as /Users/vinu/.cache/selenium/chromedriver/mac64/124.0.6367.91/chromedriver
[INFO ] 2024-04-28 20:47:02.624 [main] WebDriverManager - Using chromedriver 124.0.6367.91 (resolved driver for Chrome 124)
[INFO ] 2024-04-28 20:47:02.667 [main] WebDriverManager - Exporting webdriver.chrome.driver as /Users/vinu/.cache/selenium/chromedriver/mac64/124.0.6367.91/chromedriver
[ERROR] 2024-04-28 20:48:11.688 [main] AllureLifecycle - Could not add attachment: no test is running
[INFO ] 2024-04-28 20:49:48.228 [main] WebDriverManager - Using chromedriver 124.0.6367.91 (resolved driver for Chrome 124)
[INFO ] 2024-04-28 20:49:48.262 [main] WebDriverManager - Exporting webdriver.chrome.driver as /Users/vinu/.cache/selenium/chromedriver/mac64/124.0.6367.91/chromedriver
[ERROR] 2024-04-28 20:50:34.462 [main] AllureLifecycle - Could not add attachment: no test is running
[INFO ] 2024-04-28 20:53:35.033 [main] WebDriverManager - Using chromedriver 124.0.6367.91 (resolved driver for Chrome 124)
[INFO ] 2024-04-28 20:53:35.069 [main] WebDriverManager - Exporting webdriver.chrome.driver as /Users/vinu/.cache/selenium/chromedriver/mac64/124.0.6367.91/chromedriver
[ERROR] 2024-04-28 20:54:23.670 [main] AllureLifecycle - Could not add attachment: no test is running
[INFO ] 2024-04-28 20:56:12.530 [main] WebDriverManager - Using chromedriver 124.0.6367.91 (resolved driver for Chrome 124)
[INFO ] 2024-04-28 20:56:12.568 [main] WebDriverManager - Exporting webdriver.chrome.driver as /Users/vinu/.cache/selenium/chromedriver/mac64/124.0.6367.91/chromedriver
[ERROR] 2024-04-28 20:57:32.781 [main] AllureLifecycle - Could not add attachment: no test is running
[INFO ] 2024-04-28 20:59:29.659 [main] WebDriverManager - Using chromedriver 124.0.6367.91 (resolved driver for Chrome 124)
[INFO ] 2024-04-28 20:59:29.694 [main] WebDriverManager - Exporting webdriver.chrome.driver as /Users/vinu/.cache/selenium/chromedriver/mac64/124.0.6367.91/chromedriver
[INFO ] 2024-04-28 21:02:52.021 [main] WebDriverManager - Using chromedriver 124.0.6367.91 (resolved driver for Chrome 124)
[INFO ] 2024-04-28 21:02:52.056 [main] WebDriverManager - Exporting webdriver.chrome.driver as /Users/vinu/.cache/selenium/chromedriver/mac64/124.0.6367.91/chromedriver
[INFO ] 2024-04-28 21:05:22.969 [main] WebDriverManager - Using chromedriver 124.0.6367.91 (resolved driver for Chrome 124)
[INFO ] 2024-04-28 21:05:22.999 [main] WebDriverManager - Exporting webdriver.chrome.driver as /Users/vinu/.cache/selenium/chromedriver/mac64/124.0.6367.91/chromedriver
[INFO ] 2024-04-28 21:08:47.264 [main] WebDriverManager - Using chromedriver 124.0.6367.91 (resolved driver for Chrome 124)
[INFO ] 2024-04-28 21:08:47.300 [main] WebDriverManager - Exporting webdriver.chrome.driver as /Users/vinu/.cache/selenium/chromedriver/mac64/124.0.6367.91/chromedriver
